mode: set
dashboard-ecommerce-team2/config/config.go:38.42,40.16 2 0
dashboard-ecommerce-team2/config/config.go:40.16,42.3 1 0
dashboard-ecommerce-team2/config/config.go:43.2,60.8 1 0
dashboard-ecommerce-team2/main.go:39.13,41.16 2 0
dashboard-ecommerce-team2/main.go:41.16,43.3 1 0
dashboard-ecommerce-team2/main.go:45.2,52.12 3 0
dashboard-ecommerce-team2/main.go:52.12,55.77 2 0
dashboard-ecommerce-team2/main.go:55.77,57.4 1 0
dashboard-ecommerce-team2/main.go:61.2,71.50 7 0
dashboard-ecommerce-team2/main.go:71.50,73.3 1 0
dashboard-ecommerce-team2/main.go:76.2,76.9 1 0
dashboard-ecommerce-team2/main.go:77.28,78.39 1 0
dashboard-ecommerce-team2/main.go:81.2,81.31 1 0
dashboard-ecommerce-team2/controller/controller.go:30.130,41.2 1 0
dashboard-ecommerce-team2/controller/category/category_controller.go:20.90,25.2 1 0
dashboard-ecommerce-team2/controller/category/category_controller.go:38.75,41.16 3 0
dashboard-ecommerce-team2/controller/category/category_controller.go:41.16,45.3 3 0
dashboard-ecommerce-team2/controller/category/category_controller.go:47.2,48.59 2 0
dashboard-ecommerce-team2/controller/category/category_controller.go:48.59,52.3 3 0
dashboard-ecommerce-team2/controller/category/category_controller.go:54.2,55.16 2 0
dashboard-ecommerce-team2/controller/category/category_controller.go:55.16,59.3 3 0
dashboard-ecommerce-team2/controller/category/category_controller.go:61.2,63.77 2 0
dashboard-ecommerce-team2/controller/category/category_controller.go:63.77,67.3 3 0
dashboard-ecommerce-team2/controller/category/category_controller.go:69.2,69.90 1 0
dashboard-ecommerce-team2/controller/category/category_controller.go:82.76,89.16 5 0
dashboard-ecommerce-team2/controller/category/category_controller.go:89.16,93.3 3 0
dashboard-ecommerce-team2/controller/category/category_controller.go:95.2,96.141 2 0
dashboard-ecommerce-team2/controller/category/category_controller.go:110.75,112.16 2 0
dashboard-ecommerce-team2/controller/category/category_controller.go:112.16,116.3 3 0
dashboard-ecommerce-team2/controller/category/category_controller.go:118.2,119.16 2 0
dashboard-ecommerce-team2/controller/category/category_controller.go:119.16,123.3 3 0
dashboard-ecommerce-team2/controller/category/category_controller.go:125.2,125.80 1 0
dashboard-ecommerce-team2/controller/category/category_controller.go:141.74,143.53 2 0
dashboard-ecommerce-team2/controller/category/category_controller.go:143.53,147.3 3 0
dashboard-ecommerce-team2/controller/category/category_controller.go:149.2,150.16 2 0
dashboard-ecommerce-team2/controller/category/category_controller.go:150.16,152.60 2 0
dashboard-ecommerce-team2/controller/category/category_controller.go:152.60,156.4 3 0
dashboard-ecommerce-team2/controller/category/category_controller.go:158.3,159.17 2 0
dashboard-ecommerce-team2/controller/category/category_controller.go:159.17,163.4 3 0
dashboard-ecommerce-team2/controller/category/category_controller.go:165.3,165.31 1 0
dashboard-ecommerce-team2/controller/category/category_controller.go:168.2,168.76 1 0
dashboard-ecommerce-team2/controller/category/category_controller.go:168.76,172.3 3 0
dashboard-ecommerce-team2/controller/category/category_controller.go:174.2,174.85 1 0
dashboard-ecommerce-team2/controller/category/category_controller.go:188.74,190.16 2 0
dashboard-ecommerce-team2/controller/category/category_controller.go:190.16,194.3 3 0
dashboard-ecommerce-team2/controller/category/category_controller.go:196.2,196.65 1 0
dashboard-ecommerce-team2/controller/category/category_controller.go:196.65,200.3 3 0
dashboard-ecommerce-team2/controller/category/category_controller.go:202.2,202.75 1 0
dashboard-ecommerce-team2/config/config.go:38.42,40.16 2 1
dashboard-ecommerce-team2/config/config.go:40.16,42.3 1 1
dashboard-ecommerce-team2/config/config.go:43.2,60.8 1 0
dashboard-ecommerce-team2/controller/controller.go:30.130,41.2 1 1
dashboard-ecommerce-team2/controller/banner/banner_controller.go:20.86,25.2 1 1
dashboard-ecommerce-team2/controller/banner/banner_controller.go:40.70,44.46 2 1
dashboard-ecommerce-team2/controller/banner/banner_controller.go:44.46,48.3 3 1
dashboard-ecommerce-team2/controller/banner/banner_controller.go:51.2,52.16 2 0
dashboard-ecommerce-team2/controller/banner/banner_controller.go:52.16,56.3 3 0
dashboard-ecommerce-team2/controller/banner/banner_controller.go:59.2,61.16 3 0
dashboard-ecommerce-team2/controller/banner/banner_controller.go:61.16,66.3 4 0
dashboard-ecommerce-team2/controller/banner/banner_controller.go:69.2,69.70 1 0
dashboard-ecommerce-team2/controller/banner/banner_controller.go:69.70,73.3 3 0
dashboard-ecommerce-team2/controller/banner/banner_controller.go:75.2,75.80 1 0
dashboard-ecommerce-team2/controller/banner/banner_controller.go:89.70,92.16 3 1
dashboard-ecommerce-team2/controller/banner/banner_controller.go:92.16,96.3 3 1
dashboard-ecommerce-team2/controller/banner/banner_controller.go:108.2,111.16 4 1
dashboard-ecommerce-team2/controller/banner/banner_controller.go:111.16,115.3 3 0
dashboard-ecommerce-team2/controller/banner/banner_controller.go:117.2,117.85 1 0
dashboard-ecommerce-team2/controller/banner/banner_controller.go:131.71,134.16 3 1
dashboard-ecommerce-team2/controller/banner/banner_controller.go:134.16,138.3 3 1
dashboard-ecommerce-team2/controller/banner/banner_controller.go:140.2,141.16 2 1
dashboard-ecommerce-team2/controller/banner/banner_controller.go:141.16,145.3 3 0
dashboard-ecommerce-team2/controller/banner/banner_controller.go:147.2,147.72 1 0
dashboard-ecommerce-team2/controller/banner/banner_controller.go:163.70,166.16 3 1
dashboard-ecommerce-team2/controller/banner/banner_controller.go:166.16,170.3 3 1
dashboard-ecommerce-team2/controller/banner/banner_controller.go:172.2,173.16 2 1
dashboard-ecommerce-team2/controller/banner/banner_controller.go:173.16,177.3 3 0
dashboard-ecommerce-team2/controller/banner/banner_controller.go:179.2,179.72 1 0
dashboard-ecommerce-team2/controller/category/category_controller.go:20.90,25.2 1 1
dashboard-ecommerce-team2/controller/category/category_controller.go:38.75,41.16 3 0
dashboard-ecommerce-team2/controller/category/category_controller.go:41.16,45.3 3 0
dashboard-ecommerce-team2/controller/category/category_controller.go:47.2,48.59 2 0
dashboard-ecommerce-team2/controller/category/category_controller.go:48.59,52.3 3 0
dashboard-ecommerce-team2/controller/category/category_controller.go:54.2,55.16 2 0
dashboard-ecommerce-team2/controller/category/category_controller.go:55.16,59.3 3 0
dashboard-ecommerce-team2/controller/category/category_controller.go:61.2,63.77 2 0
dashboard-ecommerce-team2/controller/category/category_controller.go:63.77,67.3 3 0
dashboard-ecommerce-team2/controller/category/category_controller.go:69.2,69.90 1 0
dashboard-ecommerce-team2/controller/category/category_controller.go:82.76,89.16 5 0
dashboard-ecommerce-team2/controller/category/category_controller.go:89.16,93.3 3 0
dashboard-ecommerce-team2/controller/category/category_controller.go:95.2,96.141 2 0
dashboard-ecommerce-team2/controller/category/category_controller.go:110.75,112.16 2 0
dashboard-ecommerce-team2/controller/category/category_controller.go:112.16,116.3 3 0
dashboard-ecommerce-team2/controller/category/category_controller.go:118.2,119.16 2 0
dashboard-ecommerce-team2/controller/category/category_controller.go:119.16,123.3 3 0
dashboard-ecommerce-team2/controller/category/category_controller.go:125.2,125.80 1 0
dashboard-ecommerce-team2/controller/category/category_controller.go:141.74,143.53 2 0
dashboard-ecommerce-team2/controller/category/category_controller.go:143.53,147.3 3 0
dashboard-ecommerce-team2/controller/category/category_controller.go:149.2,150.16 2 0
dashboard-ecommerce-team2/controller/category/category_controller.go:150.16,152.60 2 0
dashboard-ecommerce-team2/controller/category/category_controller.go:152.60,156.4 3 0
dashboard-ecommerce-team2/controller/category/category_controller.go:158.3,159.17 2 0
dashboard-ecommerce-team2/controller/category/category_controller.go:159.17,163.4 3 0
dashboard-ecommerce-team2/controller/category/category_controller.go:165.3,165.31 1 0
dashboard-ecommerce-team2/controller/category/category_controller.go:168.2,168.76 1 0
dashboard-ecommerce-team2/controller/category/category_controller.go:168.76,172.3 3 0
dashboard-ecommerce-team2/controller/category/category_controller.go:174.2,174.85 1 0
dashboard-ecommerce-team2/controller/category/category_controller.go:188.74,190.16 2 0
dashboard-ecommerce-team2/controller/category/category_controller.go:190.16,194.3 3 0
dashboard-ecommerce-team2/controller/category/category_controller.go:196.2,196.65 1 0
dashboard-ecommerce-team2/controller/category/category_controller.go:196.65,200.3 3 0
dashboard-ecommerce-team2/controller/category/category_controller.go:202.2,202.75 1 0
dashboard-ecommerce-team2/controller/order/order_controller.go:20.84,25.2 1 1
dashboard-ecommerce-team2/controller/order/order_controller.go:39.74,43.17 3 0
dashboard-ecommerce-team2/controller/order/order_controller.go:43.17,47.3 3 0
dashboard-ecommerce-team2/controller/order/order_controller.go:49.2,50.16 2 0
dashboard-ecommerce-team2/controller/order/order_controller.go:50.16,54.3 3 0
dashboard-ecommerce-team2/controller/order/order_controller.go:56.2,60.51 2 0
dashboard-ecommerce-team2/controller/order/order_controller.go:60.51,64.3 3 0
dashboard-ecommerce-team2/controller/order/order_controller.go:66.2,66.87 1 0
dashboard-ecommerce-team2/controller/order/order_controller.go:66.87,70.3 3 0
dashboard-ecommerce-team2/controller/order/order_controller.go:72.2,73.69 2 0
dashboard-ecommerce-team2/controller/order/order_controller.go:86.69,91.28 4 0
dashboard-ecommerce-team2/controller/order/order_controller.go:91.28,93.3 1 0
dashboard-ecommerce-team2/controller/order/order_controller.go:94.2,95.29 2 0
dashboard-ecommerce-team2/controller/order/order_controller.go:95.29,97.3 1 0
dashboard-ecommerce-team2/controller/order/order_controller.go:99.2,100.16 2 0
dashboard-ecommerce-team2/controller/order/order_controller.go:100.16,104.3 3 0
dashboard-ecommerce-team2/controller/order/order_controller.go:106.2,108.128 2 0
dashboard-ecommerce-team2/controller/order/order_controller.go:120.69,122.16 2 0
dashboard-ecommerce-team2/controller/order/order_controller.go:122.16,126.3 3 0
dashboard-ecommerce-team2/controller/order/order_controller.go:128.2,129.16 2 0
dashboard-ecommerce-team2/controller/order/order_controller.go:129.16,133.3 3 0
dashboard-ecommerce-team2/controller/order/order_controller.go:135.2,135.80 1 0
dashboard-ecommerce-team2/controller/order/order_controller.go:149.68,153.17 3 0
dashboard-ecommerce-team2/controller/order/order_controller.go:153.17,157.3 3 0
dashboard-ecommerce-team2/controller/order/order_controller.go:159.2,160.16 2 0
dashboard-ecommerce-team2/controller/order/order_controller.go:160.16,164.3 3 0
dashboard-ecommerce-team2/controller/order/order_controller.go:166.2,167.16 2 0
dashboard-ecommerce-team2/controller/order/order_controller.go:167.16,171.3 3 0
dashboard-ecommerce-team2/controller/order/order_controller.go:173.2,174.62 2 0
dashboard-ecommerce-team2/controller/order/order_controller.go:188.71,192.17 3 0
dashboard-ecommerce-team2/controller/order/order_controller.go:192.17,196.3 3 0
dashboard-ecommerce-team2/controller/order/order_controller.go:198.2,199.16 2 0
dashboard-ecommerce-team2/controller/order/order_controller.go:199.16,203.3 3 0
dashboard-ecommerce-team2/controller/order/order_controller.go:205.2,206.16 2 0
dashboard-ecommerce-team2/controller/order/order_controller.go:206.16,210.3 3 0
dashboard-ecommerce-team2/controller/order/order_controller.go:212.2,212.136 1 0
dashboard-ecommerce-team2/controller/product/product_controller.go:18.88,23.2 1 1
dashboard-ecommerce-team2/controller/product/product_controller.go:44.72,47.45 2 0
dashboard-ecommerce-team2/controller/product/product_controller.go:47.45,51.3 3 0
dashboard-ecommerce-team2/controller/product/product_controller.go:53.2,54.16 2 0
dashboard-ecommerce-team2/controller/product/product_controller.go:54.16,59.3 4 0
dashboard-ecommerce-team2/controller/product/product_controller.go:61.2,62.59 2 0
dashboard-ecommerce-team2/controller/product/product_controller.go:62.59,67.3 4 0
dashboard-ecommerce-team2/controller/product/product_controller.go:68.2,71.16 3 0
dashboard-ecommerce-team2/controller/product/product_controller.go:71.16,76.3 4 0
dashboard-ecommerce-team2/controller/product/product_controller.go:78.2,79.74 2 0
dashboard-ecommerce-team2/controller/product/product_controller.go:96.73,104.16 6 0
dashboard-ecommerce-team2/controller/product/product_controller.go:104.16,105.41 1 0
dashboard-ecommerce-team2/controller/product/product_controller.go:105.41,109.4 3 0
dashboard-ecommerce-team2/controller/product/product_controller.go:111.3,114.9 4 0
dashboard-ecommerce-team2/controller/product/product_controller.go:116.2,118.107 2 0
dashboard-ecommerce-team2/controller/product/product_controller.go:133.73,139.16 4 0
dashboard-ecommerce-team2/controller/product/product_controller.go:139.16,143.3 3 0
dashboard-ecommerce-team2/controller/product/product_controller.go:145.2,145.50 1 0
dashboard-ecommerce-team2/controller/product/product_controller.go:171.72,175.45 3 0
dashboard-ecommerce-team2/controller/product/product_controller.go:175.45,179.3 3 0
dashboard-ecommerce-team2/controller/product/product_controller.go:181.2,183.16 3 0
dashboard-ecommerce-team2/controller/product/product_controller.go:183.16,185.60 2 0
dashboard-ecommerce-team2/controller/product/product_controller.go:185.60,190.4 4 0
dashboard-ecommerce-team2/controller/product/product_controller.go:191.3,191.78 1 0
dashboard-ecommerce-team2/controller/product/product_controller.go:194.2,195.16 2 0
dashboard-ecommerce-team2/controller/product/product_controller.go:195.16,200.3 4 0
dashboard-ecommerce-team2/controller/product/product_controller.go:202.2,203.69 2 0
dashboard-ecommerce-team2/controller/product/product_controller.go:220.72,224.16 3 0
dashboard-ecommerce-team2/controller/product/product_controller.go:224.16,225.41 1 0
dashboard-ecommerce-team2/controller/product/product_controller.go:225.41,228.4 2 0
dashboard-ecommerce-team2/controller/product/product_controller.go:228.9,232.4 3 0
dashboard-ecommerce-team2/controller/product/product_controller.go:233.3,233.9 1 0
dashboard-ecommerce-team2/controller/product/product_controller.go:235.2,235.74 1 0
dashboard-ecommerce-team2/controller/promotion/promotion_controller.go:19.92,24.2 1 1
dashboard-ecommerce-team2/controller/promotion/promotion_controller.go:35.77,37.16 2 0
dashboard-ecommerce-team2/controller/promotion/promotion_controller.go:37.16,41.3 3 0
dashboard-ecommerce-team2/controller/promotion/promotion_controller.go:43.2,43.78 1 0
dashboard-ecommerce-team2/controller/promotion/promotion_controller.go:56.78,59.16 3 0
dashboard-ecommerce-team2/controller/promotion/promotion_controller.go:59.16,63.3 3 0
dashboard-ecommerce-team2/controller/promotion/promotion_controller.go:65.2,66.16 2 0
dashboard-ecommerce-team2/controller/promotion/promotion_controller.go:66.16,70.3 3 0
dashboard-ecommerce-team2/controller/promotion/promotion_controller.go:72.2,72.73 1 0
dashboard-ecommerce-team2/controller/promotion/promotion_controller.go:86.76,88.53 2 0
dashboard-ecommerce-team2/controller/promotion/promotion_controller.go:88.53,92.3 3 0
dashboard-ecommerce-team2/controller/promotion/promotion_controller.go:94.2,94.75 1 0
dashboard-ecommerce-team2/controller/promotion/promotion_controller.go:94.75,98.3 3 0
dashboard-ecommerce-team2/controller/promotion/promotion_controller.go:100.2,100.82 1 0
dashboard-ecommerce-team2/controller/promotion/promotion_controller.go:113.76,116.16 3 0
dashboard-ecommerce-team2/controller/promotion/promotion_controller.go:116.16,120.3 3 0
dashboard-ecommerce-team2/controller/promotion/promotion_controller.go:122.2,123.16 2 0
dashboard-ecommerce-team2/controller/promotion/promotion_controller.go:123.16,127.3 3 0
dashboard-ecommerce-team2/controller/promotion/promotion_controller.go:130.2,132.16 3 0
dashboard-ecommerce-team2/controller/promotion/promotion_controller.go:132.16,136.3 3 0
dashboard-ecommerce-team2/controller/promotion/promotion_controller.go:138.2,138.91 1 0
dashboard-ecommerce-team2/controller/promotion/promotion_controller.go:155.76,158.16 3 0
dashboard-ecommerce-team2/controller/promotion/promotion_controller.go:158.16,162.3 3 0
dashboard-ecommerce-team2/controller/promotion/promotion_controller.go:164.2,165.16 2 0
dashboard-ecommerce-team2/controller/promotion/promotion_controller.go:165.16,169.3 3 0
dashboard-ecommerce-team2/controller/promotion/promotion_controller.go:171.2,171.75 1 0
dashboard-ecommerce-team2/controller/stock/stock_controller.go:18.84,23.2 1 1
dashboard-ecommerce-team2/controller/stock/stock_controller.go:38.75,40.47 2 0
dashboard-ecommerce-team2/controller/stock/stock_controller.go:40.47,44.3 3 0
dashboard-ecommerce-team2/controller/stock/stock_controller.go:46.2,46.43 1 0
dashboard-ecommerce-team2/controller/stock/stock_controller.go:46.43,50.3 3 0
dashboard-ecommerce-team2/controller/stock/stock_controller.go:52.2,52.68 1 0
dashboard-ecommerce-team2/controller/stock/stock_controller.go:52.68,56.3 3 0
dashboard-ecommerce-team2/controller/stock/stock_controller.go:58.2,58.72 1 0
dashboard-ecommerce-team2/controller/stock/stock_controller.go:73.78,76.16 3 0
dashboard-ecommerce-team2/controller/stock/stock_controller.go:76.16,80.3 3 0
dashboard-ecommerce-team2/controller/stock/stock_controller.go:82.2,82.55 1 0
dashboard-ecommerce-team2/controller/stock/stock_controller.go:99.75,103.16 3 0
dashboard-ecommerce-team2/controller/stock/stock_controller.go:103.16,104.41 1 0
dashboard-ecommerce-team2/controller/stock/stock_controller.go:104.41,107.4 2 0
dashboard-ecommerce-team2/controller/stock/stock_controller.go:107.9,111.4 3 0
dashboard-ecommerce-team2/controller/stock/stock_controller.go:112.3,112.9 1 0
dashboard-ecommerce-team2/controller/stock/stock_controller.go:114.2,114.74 1 0
dashboard-ecommerce-team2/database/database.go:15.60,35.16 4 1
dashboard-ecommerce-team2/database/database.go:35.16,37.3 1 1
dashboard-ecommerce-team2/database/database.go:39.2,40.16 2 0
dashboard-ecommerce-team2/database/database.go:40.16,42.3 1 0
dashboard-ecommerce-team2/database/database.go:45.2,51.16 6 0
dashboard-ecommerce-team2/database/database.go:51.16,54.3 2 0
dashboard-ecommerce-team2/database/database.go:55.2,57.25 2 0
dashboard-ecommerce-team2/database/database.go:57.25,61.17 3 0
dashboard-ecommerce-team2/database/database.go:61.17,63.4 1 0
dashboard-ecommerce-team2/database/database.go:64.3,69.17 4 0
dashboard-ecommerce-team2/database/database.go:69.17,71.4 1 0
dashboard-ecommerce-team2/database/database.go:74.2,74.16 1 0
dashboard-ecommerce-team2/database/migration.go:11.33,16.24 1 0
dashboard-ecommerce-team2/database/migration.go:16.24,18.3 1 0
dashboard-ecommerce-team2/database/migration.go:21.2,35.37 2 0
dashboard-ecommerce-team2/database/migration.go:35.37,38.17 3 0
dashboard-ecommerce-team2/database/migration.go:38.17,40.4 1 0
dashboard-ecommerce-team2/database/migration.go:42.3,42.16 1 0
dashboard-ecommerce-team2/database/migration.go:42.16,44.12 2 0
dashboard-ecommerce-team2/database/migration.go:48.3,48.57 1 0
dashboard-ecommerce-team2/database/migration.go:48.57,50.4 1 0
dashboard-ecommerce-team2/database/migration.go:53.3,53.99 1 0
dashboard-ecommerce-team2/database/migration.go:53.99,55.4 1 0
dashboard-ecommerce-team2/database/migration.go:57.3,57.69 1 0
dashboard-ecommerce-team2/database/migration.go:60.2,60.12 1 0
dashboard-ecommerce-team2/database/redis.go:19.70,25.2 1 1
dashboard-ecommerce-team2/database/redis.go:26.63,33.16 5 1
dashboard-ecommerce-team2/database/redis.go:33.16,35.3 1 0
dashboard-ecommerce-team2/database/redis.go:35.8,37.3 1 1
dashboard-ecommerce-team2/database/redis.go:39.2,45.14 2 1
dashboard-ecommerce-team2/database/redis.go:48.56,50.2 1 0
dashboard-ecommerce-team2/database/redis.go:52.51,54.2 1 0
dashboard-ecommerce-team2/database/redis.go:56.47,58.2 1 0
dashboard-ecommerce-team2/database/redis.go:60.55,62.2 1 0
dashboard-ecommerce-team2/database/redis.go:64.61,67.2 2 0
dashboard-ecommerce-team2/database/redis.go:69.51,71.16 2 0
dashboard-ecommerce-team2/database/redis.go:71.16,73.3 1 0
dashboard-ecommerce-team2/database/redis.go:74.2,74.20 1 0
dashboard-ecommerce-team2/database/redis.go:77.44,79.2 1 0
dashboard-ecommerce-team2/database/redis.go:81.48,83.2 1 0
dashboard-ecommerce-team2/database/redis.go:85.30,87.6 2 0
dashboard-ecommerce-team2/database/redis.go:87.6,91.17 4 0
dashboard-ecommerce-team2/database/redis.go:91.17,92.14 1 0
dashboard-ecommerce-team2/database/redis.go:95.3,95.28 1 0
dashboard-ecommerce-team2/database/redis.go:95.28,97.4 1 0
dashboard-ecommerce-team2/database/redis.go:99.3,99.18 1 0
dashboard-ecommerce-team2/database/redis.go:99.18,100.9 1 0
dashboard-ecommerce-team2/database/redis.go:105.37,108.6 3 0
dashboard-ecommerce-team2/database/redis.go:108.6,112.17 4 0
dashboard-ecommerce-team2/database/redis.go:112.17,113.14 1 0
dashboard-ecommerce-team2/database/redis.go:116.3,118.18 2 0
dashboard-ecommerce-team2/database/redis.go:118.18,119.9 1 0
dashboard-ecommerce-team2/database/redis.go:123.2,123.15 1 0
dashboard-ecommerce-team2/database/redis.go:126.60,129.6 3 0
dashboard-ecommerce-team2/database/redis.go:129.6,133.17 4 0
dashboard-ecommerce-team2/database/redis.go:133.17,134.14 1 0
dashboard-ecommerce-team2/database/redis.go:137.3,139.18 2 0
dashboard-ecommerce-team2/database/redis.go:139.18,140.9 1 0
dashboard-ecommerce-team2/database/redis.go:144.2,144.15 1 0
dashboard-ecommerce-team2/database/redis.go:148.68,150.2 1 0
dashboard-ecommerce-team2/database/redis.go:152.71,156.2 3 0
dashboard-ecommerce-team2/database/seeder.go:13.33,14.48 1 0
dashboard-ecommerce-team2/database/seeder.go:14.48,16.30 2 0
dashboard-ecommerce-team2/database/seeder.go:16.30,20.61 3 0
dashboard-ecommerce-team2/database/seeder.go:20.61,23.5 2 0
dashboard-ecommerce-team2/database/seeder.go:25.4,25.17 1 0
dashboard-ecommerce-team2/database/seeder.go:25.17,27.13 2 0
dashboard-ecommerce-team2/database/seeder.go:30.4,31.18 2 0
dashboard-ecommerce-team2/database/seeder.go:31.18,34.13 3 0
dashboard-ecommerce-team2/database/seeder.go:37.4,37.27 1 0
dashboard-ecommerce-team2/database/seeder.go:40.3,41.13 2 0
dashboard-ecommerce-team2/database/seeder.go:46.51,47.39 1 0
dashboard-ecommerce-team2/database/seeder.go:47.39,49.22 2 0
dashboard-ecommerce-team2/database/seeder.go:49.22,54.47 2 0
dashboard-ecommerce-team2/database/seeder.go:54.47,56.5 1 0
dashboard-ecommerce-team2/database/seeder.go:62.44,64.36 2 0
dashboard-ecommerce-team2/database/seeder.go:64.36,66.3 1 0
dashboard-ecommerce-team2/database/seeder.go:67.2,67.39 1 0
dashboard-ecommerce-team2/database/seeder.go:67.39,69.3 1 0
dashboard-ecommerce-team2/database/seeder.go:70.2,70.11 1 0
dashboard-ecommerce-team2/database/seeder.go:73.32,84.2 1 0
dashboard-ecommerce-team2/helper/bcrypt.go:10.63,13.2 2 0
dashboard-ecommerce-team2/helper/bcrypt.go:15.43,18.2 2 0
dashboard-ecommerce-team2/helper/contains.go:5.48,6.29 1 0
dashboard-ecommerce-team2/helper/contains.go:6.29,7.18 1 0
dashboard-ecommerce-team2/helper/contains.go:7.18,9.4 1 0
dashboard-ecommerce-team2/helper/contains.go:11.2,11.14 1 0
dashboard-ecommerce-team2/helper/contains.go:14.36,17.2 2 0
dashboard-ecommerce-team2/helper/contains.go:19.34,22.2 2 0
dashboard-ecommerce-team2/helper/contains.go:23.34,26.2 2 0
dashboard-ecommerce-team2/helper/getUrlImage.go:36.62,40.16 3 0
dashboard-ecommerce-team2/helper/getUrlImage.go:40.16,42.3 1 0
dashboard-ecommerce-team2/helper/getUrlImage.go:43.2,49.16 5 0
dashboard-ecommerce-team2/helper/getUrlImage.go:49.16,51.3 1 0
dashboard-ecommerce-team2/helper/getUrlImage.go:52.2,53.16 2 0
dashboard-ecommerce-team2/helper/getUrlImage.go:53.16,55.3 1 0
dashboard-ecommerce-team2/helper/getUrlImage.go:57.2,58.16 2 0
dashboard-ecommerce-team2/helper/getUrlImage.go:58.16,60.3 1 0
dashboard-ecommerce-team2/helper/getUrlImage.go:62.2,63.16 2 0
dashboard-ecommerce-team2/helper/getUrlImage.go:63.16,65.3 1 0
dashboard-ecommerce-team2/helper/getUrlImage.go:66.2,70.16 4 0
dashboard-ecommerce-team2/helper/getUrlImage.go:70.16,72.3 1 0
dashboard-ecommerce-team2/helper/getUrlImage.go:73.2,76.16 3 0
dashboard-ecommerce-team2/helper/getUrlImage.go:76.16,78.3 1 0
dashboard-ecommerce-team2/helper/getUrlImage.go:80.2,81.16 2 0
dashboard-ecommerce-team2/helper/getUrlImage.go:81.16,83.3 1 0
dashboard-ecommerce-team2/helper/getUrlImage.go:85.2,85.26 1 0
dashboard-ecommerce-team2/helper/getUrlImage.go:85.26,87.3 1 0
dashboard-ecommerce-team2/helper/getUrlImage.go:89.2,89.34 1 0
dashboard-ecommerce-team2/helper/logger.go:11.43,27.16 4 1
dashboard-ecommerce-team2/helper/logger.go:27.16,30.3 2 0
dashboard-ecommerce-team2/helper/logger.go:32.2,50.20 4 1
dashboard-ecommerce-team2/helper/pointerToTime.go:5.44,7.2 1 0
dashboard-ecommerce-team2/helper/response.go:17.87,22.2 1 0
dashboard-ecommerce-team2/helper/response.go:23.134,32.2 1 0
dashboard-ecommerce-team2/helper/response.go:34.89,39.2 1 1
dashboard-ecommerce-team2/helper/token.go:12.60,26.2 6 0
dashboard-ecommerce-team2/helper/token.go:28.69,31.21 2 0
dashboard-ecommerce-team2/helper/token.go:31.21,33.3 1 0
dashboard-ecommerce-team2/helper/token.go:35.2,39.16 3 0
dashboard-ecommerce-team2/helper/token.go:39.16,41.3 1 0
dashboard-ecommerce-team2/helper/token.go:44.2,49.36 4 0
dashboard-ecommerce-team2/helper/token.go:49.36,51.3 1 0
dashboard-ecommerce-team2/helper/token.go:53.2,53.27 1 0
dashboard-ecommerce-team2/helper/validator.go:15.32,31.2 2 0
dashboard-ecommerce-team2/helper/validator.go:34.60,36.2 1 0
dashboard-ecommerce-team2/helper/validator.go:39.46,56.66 3 0
dashboard-ecommerce-team2/helper/validator.go:56.66,57.39 1 0
dashboard-ecommerce-team2/helper/validator.go:57.39,61.51 2 0
dashboard-ecommerce-team2/helper/validator.go:61.51,63.5 1 0
dashboard-ecommerce-team2/helper/validator.go:63.10,66.5 1 0
dashboard-ecommerce-team2/helper/validator.go:70.2,70.40 1 0
dashboard-ecommerce-team2/middleware/authentication.go:17.72,22.2 1 1
dashboard-ecommerce-team2/middleware/authentication.go:24.55,25.30 1 0
dashboard-ecommerce-team2/middleware/authentication.go:25.30,27.18 2 0
dashboard-ecommerce-team2/middleware/authentication.go:27.18,31.4 3 0
dashboard-ecommerce-team2/middleware/authentication.go:33.3,34.19 2 0
dashboard-ecommerce-team2/middleware/authentication.go:34.19,38.4 3 0
dashboard-ecommerce-team2/middleware/authentication.go:40.3,43.17 3 0
dashboard-ecommerce-team2/middleware/authentication.go:43.17,47.4 3 0
dashboard-ecommerce-team2/middleware/authentication.go:48.3,50.48 2 0
dashboard-ecommerce-team2/middleware/authentication.go:50.48,54.4 3 0
dashboard-ecommerce-team2/middleware/authentication.go:56.3,56.11 1 0
dashboard-ecommerce-team2/middleware/authentication.go:60.78,61.30 1 0
dashboard-ecommerce-team2/middleware/authentication.go:61.30,63.17 2 0
dashboard-ecommerce-team2/middleware/authentication.go:63.17,67.4 3 0
dashboard-ecommerce-team2/middleware/authentication.go:69.3,71.28 2 0
dashboard-ecommerce-team2/middleware/authentication.go:71.28,74.4 2 0
dashboard-ecommerce-team2/middleware/authentication.go:76.3,77.12 2 0
dashboard-ecommerce-team2/models/banner.go:42.104,46.16 4 0
dashboard-ecommerce-team2/models/banner.go:46.16,48.3 1 0
dashboard-ecommerce-team2/models/banner.go:50.2,62.8 1 0
dashboard-ecommerce-team2/models/banner.go:70.46,72.2 1 0
dashboard-ecommerce-team2/models/banner.go:75.47,77.9 2 0
dashboard-ecommerce-team2/models/banner.go:77.9,79.3 1 0
dashboard-ecommerce-team2/models/banner.go:80.2,80.30 1 0
dashboard-ecommerce-team2/models/banner.go:84.28,120.2 1 0
dashboard-ecommerce-team2/models/category.go:20.32,53.2 1 0
dashboard-ecommerce-team2/models/order.go:30.26,141.2 1 0
dashboard-ecommerce-team2/models/order.go:143.34,230.2 1 0
dashboard-ecommerce-team2/models/product.go:52.53,53.18 1 0
dashboard-ecommerce-team2/models/product.go:53.18,56.3 2 0
dashboard-ecommerce-team2/models/product.go:57.2,58.9 2 0
dashboard-ecommerce-team2/models/product.go:58.9,60.3 1 0
dashboard-ecommerce-team2/models/product.go:61.2,61.37 1 0
dashboard-ecommerce-team2/models/product.go:64.52,66.2 1 0
dashboard-ecommerce-team2/models/product.go:68.55,73.2 3 0
dashboard-ecommerce-team2/models/product.go:84.53,88.2 3 0
dashboard-ecommerce-team2/models/product.go:115.30,166.2 1 0
dashboard-ecommerce-team2/models/product.go:168.26,191.2 1 0
dashboard-ecommerce-team2/models/promotion.go:28.34,79.2 1 0
dashboard-ecommerce-team2/models/user.go:33.24,114.2 1 0
dashboard-ecommerce-team2/repository/repository.go:26.61,36.2 1 1
dashboard-ecommerce-team2/repository/category/category_repository.go:24.74,32.58 2 0
dashboard-ecommerce-team2/repository/category/category_repository.go:32.58,35.3 2 0
dashboard-ecommerce-team2/repository/category/category_repository.go:36.2,36.12 1 0
dashboard-ecommerce-team2/repository/category/category_repository.go:40.51,42.66 2 0
dashboard-ecommerce-team2/repository/category/category_repository.go:42.66,45.3 2 0
dashboard-ecommerce-team2/repository/category/category_repository.go:46.2,46.12 1 0
dashboard-ecommerce-team2/repository/category/category_repository.go:50.88,56.80 4 0
dashboard-ecommerce-team2/repository/category/category_repository.go:56.80,59.3 2 0
dashboard-ecommerce-team2/repository/category/category_repository.go:61.2,63.81 2 0
dashboard-ecommerce-team2/repository/category/category_repository.go:63.81,66.3 2 0
dashboard-ecommerce-team2/repository/category/category_repository.go:68.2,68.36 1 0
dashboard-ecommerce-team2/repository/category/category_repository.go:72.72,75.56 3 0
dashboard-ecommerce-team2/repository/category/category_repository.go:75.56,78.3 2 0
dashboard-ecommerce-team2/repository/category/category_repository.go:79.2,79.23 1 0
dashboard-ecommerce-team2/repository/category/category_repository.go:83.74,85.118 2 0
dashboard-ecommerce-team2/repository/category/category_repository.go:85.118,88.3 2 0
dashboard-ecommerce-team2/repository/category/category_repository.go:89.2,89.12 1 0
dashboard-ecommerce-team2/repository/category/category_repository.go:92.77,94.2 1 1
dashboard-ecommerce-team2/repository/order/order_repository.go:29.75,44.16 4 0
dashboard-ecommerce-team2/repository/order/order_repository.go:44.16,46.3 1 0
dashboard-ecommerce-team2/repository/order/order_repository.go:48.2,48.35 1 0
dashboard-ecommerce-team2/repository/order/order_repository.go:48.35,51.3 2 0
dashboard-ecommerce-team2/repository/order/order_repository.go:53.2,53.22 1 0
dashboard-ecommerce-team2/repository/order/order_repository.go:57.67,64.16 3 0
dashboard-ecommerce-team2/repository/order/order_repository.go:64.16,66.3 1 0
dashboard-ecommerce-team2/repository/order/order_repository.go:67.2,68.22 2 0
dashboard-ecommerce-team2/repository/order/order_repository.go:72.53,78.16 3 0
dashboard-ecommerce-team2/repository/order/order_repository.go:78.16,80.3 1 0
dashboard-ecommerce-team2/repository/order/order_repository.go:81.2,81.24 1 0
dashboard-ecommerce-team2/repository/order/order_repository.go:85.82,91.77 4 0
dashboard-ecommerce-team2/repository/order/order_repository.go:91.77,94.3 2 0
dashboard-ecommerce-team2/repository/order/order_repository.go:96.2,96.77 1 0
dashboard-ecommerce-team2/repository/order/order_repository.go:96.77,99.3 2 0
dashboard-ecommerce-team2/repository/order/order_repository.go:101.2,101.32 1 0
dashboard-ecommerce-team2/repository/order/order_repository.go:105.66,107.53 2 0
dashboard-ecommerce-team2/repository/order/order_repository.go:107.53,110.3 2 0
dashboard-ecommerce-team2/repository/order/order_repository.go:111.2,111.20 1 0
dashboard-ecommerce-team2/repository/order/order_repository.go:115.69,117.53 2 0
dashboard-ecommerce-team2/repository/order/order_repository.go:117.53,120.3 2 0
dashboard-ecommerce-team2/repository/order/order_repository.go:121.2,122.32 2 0
dashboard-ecommerce-team2/repository/order/order_repository.go:125.53,127.81 2 0
dashboard-ecommerce-team2/repository/order/order_repository.go:127.81,130.3 2 0
dashboard-ecommerce-team2/repository/order/order_repository.go:132.2,132.63 1 0
dashboard-ecommerce-team2/repository/order/order_repository.go:132.63,135.3 2 0
dashboard-ecommerce-team2/repository/order/order_repository.go:136.2,136.12 1 0
dashboard-ecommerce-team2/repository/order/order_repository.go:139.88,141.53 2 0
dashboard-ecommerce-team2/repository/order/order_repository.go:141.53,144.3 2 0
dashboard-ecommerce-team2/repository/order/order_repository.go:146.2,147.79 2 0
dashboard-ecommerce-team2/repository/order/order_repository.go:147.79,150.3 2 0
dashboard-ecommerce-team2/repository/order/order_repository.go:152.2,152.32 1 0
dashboard-ecommerce-team2/repository/order/order_repository.go:155.71,157.2 1 1
dashboard-ecommerce-team2/repository/order/order_repository_mock.go:14.64,15.24 1 0
dashboard-ecommerce-team2/repository/order/order_repository_mock.go:19.70,20.24 1 0
dashboard-ecommerce-team2/repository/order/order_repository_mock.go:24.73,25.24 1 0
dashboard-ecommerce-team2/repository/product/product_repository.go:28.75,30.2 1 1
dashboard-ecommerce-team2/repository/product/product_repository.go:33.78,52.16 5 0
dashboard-ecommerce-team2/repository/product/product_repository.go:52.16,54.3 1 0
dashboard-ecommerce-team2/repository/product/product_repository.go:57.2,57.35 1 0
dashboard-ecommerce-team2/repository/product/product_repository.go:57.35,63.3 1 0
dashboard-ecommerce-team2/repository/product/product_repository.go:65.2,65.26 1 0
dashboard-ecommerce-team2/repository/product/product_repository.go:69.57,79.16 3 0
dashboard-ecommerce-team2/repository/product/product_repository.go:79.16,81.3 1 0
dashboard-ecommerce-team2/repository/product/product_repository.go:83.2,83.24 1 0
dashboard-ecommerce-team2/repository/product/product_repository.go:87.72,91.16 3 0
dashboard-ecommerce-team2/repository/product/product_repository.go:91.16,94.3 2 0
dashboard-ecommerce-team2/repository/product/product_repository.go:95.2,95.12 1 0
dashboard-ecommerce-team2/repository/product/product_repository.go:99.50,103.16 3 0
dashboard-ecommerce-team2/repository/product/product_repository.go:103.16,104.40 1 0
dashboard-ecommerce-team2/repository/product/product_repository.go:104.40,106.4 1 0
dashboard-ecommerce-team2/repository/product/product_repository.go:107.3,108.13 2 0
dashboard-ecommerce-team2/repository/product/product_repository.go:111.2,112.16 2 0
dashboard-ecommerce-team2/repository/product/product_repository.go:112.16,115.3 2 0
dashboard-ecommerce-team2/repository/product/product_repository.go:117.2,117.12 1 0
dashboard-ecommerce-team2/repository/product/product_repository.go:121.102,130.16 5 0
dashboard-ecommerce-team2/repository/product/product_repository.go:130.16,133.3 2 0
dashboard-ecommerce-team2/repository/product/product_repository.go:136.2,151.16 2 0
dashboard-ecommerce-team2/repository/product/product_repository.go:151.16,154.3 2 0
dashboard-ecommerce-team2/repository/product/product_repository.go:156.2,156.46 1 0
dashboard-ecommerce-team2/repository/product/product_repository.go:160.72,182.16 4 0
dashboard-ecommerce-team2/repository/product/product_repository.go:182.16,183.40 1 0
dashboard-ecommerce-team2/repository/product/product_repository.go:183.40,185.4 1 0
dashboard-ecommerce-team2/repository/product/product_repository.go:186.3,187.18 2 0
dashboard-ecommerce-team2/repository/product/product_repository.go:189.2,189.26 1 0
dashboard-ecommerce-team2/repository/product/product_repository.go:189.26,190.73 1 0
dashboard-ecommerce-team2/repository/product/product_repository.go:190.73,193.4 2 0
dashboard-ecommerce-team2/repository/product/product_repository.go:196.2,196.24 1 0
dashboard-ecommerce-team2/repository/product/product_repository.go:200.98,205.16 4 0
dashboard-ecommerce-team2/repository/product/product_repository.go:205.16,206.40 1 0
dashboard-ecommerce-team2/repository/product/product_repository.go:206.40,208.4 1 0
dashboard-ecommerce-team2/repository/product/product_repository.go:209.3,210.18 2 0
dashboard-ecommerce-team2/repository/product/product_repository.go:212.2,212.22 1 0
dashboard-ecommerce-team2/repository/product/product_repository_mock.go:13.75,14.24 1 0
dashboard-ecommerce-team2/repository/product/product_repository_mock.go:18.54,19.24 1 0
dashboard-ecommerce-team2/repository/product/product_repository_mock.go:23.68,24.24 1 0
dashboard-ecommerce-team2/repository/product/product_repository_mock.go:28.74,29.24 1 0
dashboard-ecommerce-team2/repository/product/product_repository_mock.go:33.75,34.24 1 0
dashboard-ecommerce-team2/repository/promotion/promotion_repository.go:26.78,28.16 2 0
dashboard-ecommerce-team2/repository/promotion/promotion_repository.go:28.16,31.3 2 0
dashboard-ecommerce-team2/repository/promotion/promotion_repository.go:32.2,32.12 1 0
dashboard-ecommerce-team2/repository/promotion/promotion_repository.go:36.52,39.16 3 0
dashboard-ecommerce-team2/repository/promotion/promotion_repository.go:39.16,40.45 1 0
dashboard-ecommerce-team2/repository/promotion/promotion_repository.go:40.45,43.4 2 0
dashboard-ecommerce-team2/repository/promotion/promotion_repository.go:45.3,46.13 2 0
dashboard-ecommerce-team2/repository/promotion/promotion_repository.go:50.2,51.16 2 0
dashboard-ecommerce-team2/repository/promotion/promotion_repository.go:51.16,54.3 2 0
dashboard-ecommerce-team2/repository/promotion/promotion_repository.go:56.2,56.12 1 0
dashboard-ecommerce-team2/repository/promotion/promotion_repository.go:60.68,62.53 2 0
dashboard-ecommerce-team2/repository/promotion/promotion_repository.go:62.53,65.3 2 0
dashboard-ecommerce-team2/repository/promotion/promotion_repository.go:67.2,67.24 1 0
dashboard-ecommerce-team2/repository/promotion/promotion_repository.go:71.74,76.16 3 0
dashboard-ecommerce-team2/repository/promotion/promotion_repository.go:76.16,77.45 1 0
dashboard-ecommerce-team2/repository/promotion/promotion_repository.go:77.45,80.4 2 0
dashboard-ecommerce-team2/repository/promotion/promotion_repository.go:82.3,83.18 2 0
dashboard-ecommerce-team2/repository/promotion/promotion_repository.go:86.2,86.24 1 0
dashboard-ecommerce-team2/repository/promotion/promotion_repository.go:90.78,92.16 2 0
dashboard-ecommerce-team2/repository/promotion/promotion_repository.go:92.16,95.3 2 0
dashboard-ecommerce-team2/repository/promotion/promotion_repository.go:97.2,97.12 1 0
dashboard-ecommerce-team2/repository/promotion/promotion_repository.go:100.79,102.2 1 1
dashboard-ecommerce-team2/repository/stock/stock_repository.go:25.48,29.16 3 0
dashboard-ecommerce-team2/repository/stock/stock_repository.go:29.16,30.40 1 0
dashboard-ecommerce-team2/repository/stock/stock_repository.go:30.40,32.4 1 0
dashboard-ecommerce-team2/repository/stock/stock_repository.go:33.3,34.13 2 0
dashboard-ecommerce-team2/repository/stock/stock_repository.go:37.2,38.16 2 0
dashboard-ecommerce-team2/repository/stock/stock_repository.go:38.16,41.3 2 0
dashboard-ecommerce-team2/repository/stock/stock_repository.go:42.2,42.12 1 0
dashboard-ecommerce-team2/repository/stock/stock_repository.go:46.74,57.16 4 0
dashboard-ecommerce-team2/repository/stock/stock_repository.go:57.16,58.40 1 0
dashboard-ecommerce-team2/repository/stock/stock_repository.go:58.40,60.4 1 0
dashboard-ecommerce-team2/repository/stock/stock_repository.go:61.3,62.18 2 0
dashboard-ecommerce-team2/repository/stock/stock_repository.go:64.2,64.26 1 0
dashboard-ecommerce-team2/repository/stock/stock_repository.go:64.26,65.76 1 0
dashboard-ecommerce-team2/repository/stock/stock_repository.go:65.76,68.4 2 0
dashboard-ecommerce-team2/repository/stock/stock_repository.go:71.2,71.27 1 0
dashboard-ecommerce-team2/repository/stock/stock_repository.go:75.75,82.41 3 0
dashboard-ecommerce-team2/repository/stock/stock_repository.go:82.41,85.3 2 0
dashboard-ecommerce-team2/repository/stock/stock_repository.go:87.2,88.31 2 0
dashboard-ecommerce-team2/repository/stock/stock_repository.go:88.31,90.3 1 0
dashboard-ecommerce-team2/repository/stock/stock_repository.go:90.8,90.39 1 0
dashboard-ecommerce-team2/repository/stock/stock_repository.go:90.39,91.43 1 0
dashboard-ecommerce-team2/repository/stock/stock_repository.go:91.43,94.4 2 0
dashboard-ecommerce-team2/repository/stock/stock_repository.go:95.3,95.36 1 0
dashboard-ecommerce-team2/repository/stock/stock_repository.go:96.8,99.3 2 0
dashboard-ecommerce-team2/repository/stock/stock_repository.go:101.2,106.24 1 0
dashboard-ecommerce-team2/repository/stock/stock_repository.go:106.24,109.3 2 0
dashboard-ecommerce-team2/repository/stock/stock_repository.go:111.2,111.70 1 0
dashboard-ecommerce-team2/repository/stock/stock_repository.go:111.70,114.3 2 0
dashboard-ecommerce-team2/repository/stock/stock_repository.go:116.2,117.12 2 0
dashboard-ecommerce-team2/repository/stock/stock_repository.go:120.71,122.2 1 1
dashboard-ecommerce-team2/repository/user/user_repository.go:24.62,25.50 1 0
dashboard-ecommerce-team2/repository/user/user_repository.go:25.50,26.53 1 0
dashboard-ecommerce-team2/repository/user/user_repository.go:26.53,29.4 2 0
dashboard-ecommerce-team2/repository/user/user_repository.go:30.3,30.13 1 0
dashboard-ecommerce-team2/repository/user/user_repository.go:35.73,39.2 3 0
dashboard-ecommerce-team2/repository/user/user_repository.go:42.87,44.2 1 0
dashboard-ecommerce-team2/repository/user/user_repository.go:47.55,55.2 3 0
dashboard-ecommerce-team2/repository/user/user_repository.go:57.69,59.2 1 1
dashboard-ecommerce-team2/repository/user/user_repository_mock.go:14.66,17.2 2 0
dashboard-ecommerce-team2/repository/user/user_repository_mock.go:20.77,22.24 2 0
dashboard-ecommerce-team2/repository/user/user_repository_mock.go:22.24,24.3 1 0
dashboard-ecommerce-team2/repository/user/user_repository_mock.go:25.2,25.50 1 0
dashboard-ecommerce-team2/repository/user/user_repository_mock.go:29.91,32.2 2 0
dashboard-ecommerce-team2/repository/user/user_repository_mock.go:34.59,37.2 2 0
dashboard-ecommerce-team2/service/service.go:28.70,39.2 1 1
dashboard-ecommerce-team2/service/category/category_service.go:24.80,26.62 2 0
dashboard-ecommerce-team2/service/category/category_service.go:26.62,29.3 2 0
dashboard-ecommerce-team2/service/category/category_service.go:30.2,30.12 1 0
dashboard-ecommerce-team2/service/category/category_service.go:34.56,36.51 2 0
dashboard-ecommerce-team2/service/category/category_service.go:36.51,39.3 2 0
dashboard-ecommerce-team2/service/category/category_service.go:40.2,40.12 1 0
dashboard-ecommerce-team2/service/category/category_service.go:44.95,47.16 3 0
dashboard-ecommerce-team2/service/category/category_service.go:47.16,50.3 2 0
dashboard-ecommerce-team2/service/category/category_service.go:51.2,51.36 1 0
dashboard-ecommerce-team2/service/category/category_service.go:55.77,58.16 3 0
dashboard-ecommerce-team2/service/category/category_service.go:58.16,61.3 2 0
dashboard-ecommerce-team2/service/category/category_service.go:62.2,62.22 1 0
dashboard-ecommerce-team2/service/category/category_service.go:66.79,68.62 2 0
dashboard-ecommerce-team2/service/category/category_service.go:68.62,71.3 2 0
dashboard-ecommerce-team2/service/category/category_service.go:72.2,72.12 1 0
dashboard-ecommerce-team2/service/category/category_service.go:75.86,77.2 1 1
dashboard-ecommerce-team2/service/dashboard/dashboard_service.go:28.75,30.16 2 0
dashboard-ecommerce-team2/service/dashboard/dashboard_service.go:30.16,32.3 1 0
dashboard-ecommerce-team2/service/dashboard/dashboard_service.go:34.2,35.16 2 0
dashboard-ecommerce-team2/service/dashboard/dashboard_service.go:35.16,37.3 1 0
dashboard-ecommerce-team2/service/dashboard/dashboard_service.go:38.2,39.16 2 0
dashboard-ecommerce-team2/service/dashboard/dashboard_service.go:39.16,41.3 1 0
dashboard-ecommerce-team2/service/dashboard/dashboard_service.go:42.2,43.16 2 0
dashboard-ecommerce-team2/service/dashboard/dashboard_service.go:43.16,45.3 1 0
dashboard-ecommerce-team2/service/dashboard/dashboard_service.go:46.2,52.21 2 0
dashboard-ecommerce-team2/service/dashboard/dashboard_service.go:56.75,59.16 2 0
dashboard-ecommerce-team2/service/dashboard/dashboard_service.go:59.16,62.3 2 0
dashboard-ecommerce-team2/service/dashboard/dashboard_service.go:65.2,65.55 1 0
dashboard-ecommerce-team2/service/dashboard/dashboard_service.go:65.55,68.3 2 0
dashboard-ecommerce-team2/service/dashboard/dashboard_service.go:71.2,71.32 1 0
dashboard-ecommerce-team2/service/dashboard/dashboard_service.go:71.32,73.3 1 0
dashboard-ecommerce-team2/service/dashboard/dashboard_service.go:75.2,91.41 6 0
dashboard-ecommerce-team2/service/dashboard/dashboard_service.go:91.41,93.3 1 0
dashboard-ecommerce-team2/service/dashboard/dashboard_service.go:96.2,96.31 1 0
dashboard-ecommerce-team2/service/dashboard/dashboard_service.go:96.31,98.47 1 0
dashboard-ecommerce-team2/service/dashboard/dashboard_service.go:98.47,100.4 1 0
dashboard-ecommerce-team2/service/dashboard/dashboard_service.go:102.3,102.28 1 0
dashboard-ecommerce-team2/service/dashboard/dashboard_service.go:102.28,107.9 2 0
dashboard-ecommerce-team2/service/dashboard/dashboard_service.go:112.2,112.29 1 0
dashboard-ecommerce-team2/service/dashboard/dashboard_service.go:112.29,115.3 2 0
dashboard-ecommerce-team2/service/dashboard/dashboard_service.go:117.2,117.30 1 0
dashboard-ecommerce-team2/service/dashboard/dashboard_service.go:121.76,123.2 1 0
dashboard-ecommerce-team2/service/dashboard/dashboard_service.go:126.74,128.16 2 0
dashboard-ecommerce-team2/service/dashboard/dashboard_service.go:128.16,131.3 2 0
dashboard-ecommerce-team2/service/dashboard/dashboard_service.go:132.2,137.39 4 0
dashboard-ecommerce-team2/service/dashboard/dashboard_service.go:137.39,140.3 2 0
dashboard-ecommerce-team2/service/dashboard/dashboard_service.go:142.2,157.44 5 0
dashboard-ecommerce-team2/service/dashboard/dashboard_service.go:157.44,159.3 1 0
dashboard-ecommerce-team2/service/dashboard/dashboard_service.go:161.2,161.20 1 0
dashboard-ecommerce-team2/service/dashboard/dashboard_service.go:164.88,166.2 1 1
dashboard-ecommerce-team2/service/dashboard/dashboard_service_mock.go:15.79,17.24 2 0
dashboard-ecommerce-team2/service/dashboard/dashboard_service_mock.go:17.24,19.3 1 0
dashboard-ecommerce-team2/service/dashboard/dashboard_service_mock.go:20.2,20.53 1 0
dashboard-ecommerce-team2/service/dashboard/dashboard_service_mock.go:23.79,25.24 2 0
dashboard-ecommerce-team2/service/dashboard/dashboard_service_mock.go:25.24,27.3 1 0
dashboard-ecommerce-team2/service/dashboard/dashboard_service_mock.go:28.2,28.53 1 0
dashboard-ecommerce-team2/service/dashboard/dashboard_service_mock.go:31.78,33.24 2 0
dashboard-ecommerce-team2/service/dashboard/dashboard_service_mock.go:33.24,35.3 1 0
dashboard-ecommerce-team2/service/dashboard/dashboard_service_mock.go:36.2,36.51 1 0
dashboard-ecommerce-team2/service/dashboard/dashboard_service_mock.go:39.80,42.2 2 0
dashboard-ecommerce-team2/service/dashboard/dashboard_service_mock.go:45.54,47.2 1 0
dashboard-ecommerce-team2/service/order/order_service.go:26.85,31.16 3 0
dashboard-ecommerce-team2/service/order/order_service.go:31.16,34.3 2 0
dashboard-ecommerce-team2/service/order/order_service.go:36.2,36.32 1 0
dashboard-ecommerce-team2/service/order/order_service.go:40.68,43.16 3 0
dashboard-ecommerce-team2/service/order/order_service.go:43.16,44.45 1 0
dashboard-ecommerce-team2/service/order/order_service.go:44.45,47.4 2 0
dashboard-ecommerce-team2/service/order/order_service.go:48.3,49.18 2 0
dashboard-ecommerce-team2/service/order/order_service.go:51.2,51.19 1 0
dashboard-ecommerce-team2/service/order/order_service.go:55.71,58.16 3 0
dashboard-ecommerce-team2/service/order/order_service.go:58.16,59.45 1 0
dashboard-ecommerce-team2/service/order/order_service.go:59.45,62.4 2 0
dashboard-ecommerce-team2/service/order/order_service.go:63.3,64.13 2 0
dashboard-ecommerce-team2/service/order/order_service.go:67.2,68.62 2 0
dashboard-ecommerce-team2/service/order/order_service.go:68.62,71.3 2 0
dashboard-ecommerce-team2/service/order/order_service.go:73.2,74.12 2 0
dashboard-ecommerce-team2/service/order/order_service.go:77.50,80.16 3 0
dashboard-ecommerce-team2/service/order/order_service.go:80.16,83.3 2 0
dashboard-ecommerce-team2/service/order/order_service.go:84.2,85.12 2 0
dashboard-ecommerce-team2/service/order/order_service.go:88.90,91.16 3 0
dashboard-ecommerce-team2/service/order/order_service.go:91.16,92.45 1 0
dashboard-ecommerce-team2/service/order/order_service.go:92.45,95.4 2 0
dashboard-ecommerce-team2/service/order/order_service.go:96.3,97.23 2 0
dashboard-ecommerce-team2/service/order/order_service.go:99.2,99.31 1 0
dashboard-ecommerce-team2/service/order/order_service.go:102.80,104.2 1 1
dashboard-ecommerce-team2/service/product/product_service.go:27.107,29.16 2 0
dashboard-ecommerce-team2/service/product/product_service.go:29.16,32.3 2 0
dashboard-ecommerce-team2/service/product/product_service.go:34.2,36.55 2 0
dashboard-ecommerce-team2/service/product/product_service.go:36.55,39.3 2 0
dashboard-ecommerce-team2/service/product/product_service.go:41.2,43.21 2 0
dashboard-ecommerce-team2/service/product/product_service.go:47.54,49.16 2 0
dashboard-ecommerce-team2/service/product/product_service.go:49.16,51.3 1 0
dashboard-ecommerce-team2/service/product/product_service.go:52.2,52.12 1 0
dashboard-ecommerce-team2/service/product/product_service.go:56.105,58.16 2 0
dashboard-ecommerce-team2/service/product/product_service.go:58.16,60.3 1 0
dashboard-ecommerce-team2/service/product/product_service.go:61.2,61.24 1 0
dashboard-ecommerce-team2/service/product/product_service.go:61.24,63.3 1 0
dashboard-ecommerce-team2/service/product/product_service.go:65.2,65.39 1 0
dashboard-ecommerce-team2/service/product/product_service.go:69.76,71.16 2 0
dashboard-ecommerce-team2/service/product/product_service.go:71.16,73.3 1 0
dashboard-ecommerce-team2/service/product/product_service.go:74.2,74.21 1 0
dashboard-ecommerce-team2/service/product/product_service.go:78.114,79.20 1 0
dashboard-ecommerce-team2/service/product/product_service.go:79.20,81.23 2 0
dashboard-ecommerce-team2/service/product/product_service.go:81.23,84.10 2 0
dashboard-ecommerce-team2/service/product/product_service.go:85.9,85.42 1 0
dashboard-ecommerce-team2/service/product/product_service.go:88.5,89.19 2 0
dashboard-ecommerce-team2/service/product/product_service.go:89.19,92.6 2 0
dashboard-ecommerce-team2/service/product/product_service.go:94.5,95.31 2 0
dashboard-ecommerce-team2/service/product/product_service.go:98.84,100.2 1 1
dashboard-ecommerce-team2/service/promotion/promotion_service.go:24.80,26.2 1 0
dashboard-ecommerce-team2/service/promotion/promotion_service.go:29.58,31.2 1 0
dashboard-ecommerce-team2/service/promotion/promotion_service.go:34.75,36.2 1 0
dashboard-ecommerce-team2/service/promotion/promotion_service.go:39.80,41.2 1 0
dashboard-ecommerce-team2/service/promotion/promotion_service.go:44.80,46.2 1 0
dashboard-ecommerce-team2/service/promotion/promotion_service.go:48.88,50.2 1 1
dashboard-ecommerce-team2/service/stock/stock_service.go:24.57,26.16 2 0
dashboard-ecommerce-team2/service/stock/stock_service.go:26.16,28.3 1 0
dashboard-ecommerce-team2/service/stock/stock_service.go:29.2,29.12 1 0
dashboard-ecommerce-team2/service/stock/stock_service.go:33.85,35.16 2 0
dashboard-ecommerce-team2/service/stock/stock_service.go:35.16,37.3 1 0
dashboard-ecommerce-team2/service/stock/stock_service.go:38.2,38.26 1 0
dashboard-ecommerce-team2/service/stock/stock_service.go:42.84,43.58 1 0
dashboard-ecommerce-team2/service/stock/stock_service.go:43.58,45.3 1 0
dashboard-ecommerce-team2/service/stock/stock_service.go:46.2,46.12 1 0
dashboard-ecommerce-team2/service/stock/stock_service.go:49.80,51.2 1 1
dashboard-ecommerce-team2/util/mocks.go:17.67,20.2 2 0
dashboard-ecommerce-team2/util/mocks.go:22.71,24.52 2 0
dashboard-ecommerce-team2/util/mocks.go:24.52,26.3 1 0
dashboard-ecommerce-team2/util/mocks.go:27.2,27.27 1 0
dashboard-ecommerce-team2/util/mocks.go:30.66,33.2 2 0
dashboard-ecommerce-team2/util/mocks.go:35.52,38.2 2 0
dashboard-ecommerce-team2/util/uploadCDN.go:13.51,15.16 2 0
dashboard-ecommerce-team2/util/uploadCDN.go:15.16,17.3 1 0
dashboard-ecommerce-team2/util/uploadCDN.go:19.2,19.35 1 0
dashboard-ecommerce-team2/util/uploadCDN.go:19.35,21.3 1 0
dashboard-ecommerce-team2/util/uploadCDN.go:23.2,24.18 2 0
dashboard-ecommerce-team2/util/uploadCDN.go:24.18,26.3 1 0
dashboard-ecommerce-team2/util/uploadCDN.go:29.2,42.16 3 0
dashboard-ecommerce-team2/util/uploadCDN.go:42.16,44.3 1 0
dashboard-ecommerce-team2/util/uploadCDN.go:47.2,47.30 1 0
dashboard-ecommerce-team2/util/uploadCDN.go:47.30,49.3 1 0
dashboard-ecommerce-team2/util/uploadCDN.go:52.2,58.61 2 0
dashboard-ecommerce-team2/util/uploadCDN.go:58.61,60.3 1 0
dashboard-ecommerce-team2/util/uploadCDN.go:61.2,64.27 2 0
dashboard-ecommerce-team2/util/uploadCDN.go:64.27,66.3 1 0
dashboard-ecommerce-team2/util/uploadCDN.go:68.2,68.29 1 0
dashboard-ecommerce-team2/controller/order/order_controller.go:20.84,25.2 1 0
dashboard-ecommerce-team2/controller/order/order_controller.go:39.74,43.17 3 0
dashboard-ecommerce-team2/controller/order/order_controller.go:43.17,47.3 3 0
dashboard-ecommerce-team2/controller/order/order_controller.go:49.2,50.16 2 0
dashboard-ecommerce-team2/controller/order/order_controller.go:50.16,54.3 3 0
dashboard-ecommerce-team2/controller/order/order_controller.go:56.2,60.51 2 0
dashboard-ecommerce-team2/controller/order/order_controller.go:60.51,64.3 3 0
dashboard-ecommerce-team2/controller/order/order_controller.go:66.2,66.87 1 0
dashboard-ecommerce-team2/controller/order/order_controller.go:66.87,70.3 3 0
dashboard-ecommerce-team2/controller/order/order_controller.go:72.2,73.69 2 0
dashboard-ecommerce-team2/controller/order/order_controller.go:86.69,91.28 4 0
dashboard-ecommerce-team2/controller/order/order_controller.go:91.28,93.3 1 0
dashboard-ecommerce-team2/controller/order/order_controller.go:94.2,95.29 2 0
dashboard-ecommerce-team2/controller/order/order_controller.go:95.29,97.3 1 0
dashboard-ecommerce-team2/controller/order/order_controller.go:99.2,100.16 2 0
dashboard-ecommerce-team2/controller/order/order_controller.go:100.16,104.3 3 0
dashboard-ecommerce-team2/controller/order/order_controller.go:106.2,108.128 2 0
dashboard-ecommerce-team2/controller/order/order_controller.go:120.69,122.16 2 0
dashboard-ecommerce-team2/controller/order/order_controller.go:122.16,126.3 3 0
dashboard-ecommerce-team2/controller/order/order_controller.go:128.2,129.16 2 0
dashboard-ecommerce-team2/controller/order/order_controller.go:129.16,133.3 3 0
dashboard-ecommerce-team2/controller/order/order_controller.go:135.2,135.80 1 0
dashboard-ecommerce-team2/controller/order/order_controller.go:149.68,153.17 3 0
dashboard-ecommerce-team2/controller/order/order_controller.go:153.17,157.3 3 0
dashboard-ecommerce-team2/controller/order/order_controller.go:159.2,160.16 2 0
dashboard-ecommerce-team2/controller/order/order_controller.go:160.16,164.3 3 0
dashboard-ecommerce-team2/controller/order/order_controller.go:166.2,167.16 2 0
dashboard-ecommerce-team2/controller/order/order_controller.go:167.16,171.3 3 0
dashboard-ecommerce-team2/controller/order/order_controller.go:173.2,174.62 2 0
dashboard-ecommerce-team2/controller/order/order_controller.go:188.71,192.17 3 0
dashboard-ecommerce-team2/controller/order/order_controller.go:192.17,196.3 3 0
dashboard-ecommerce-team2/controller/order/order_controller.go:198.2,199.16 2 0
dashboard-ecommerce-team2/controller/order/order_controller.go:199.16,203.3 3 0
dashboard-ecommerce-team2/controller/order/order_controller.go:205.2,206.16 2 0
dashboard-ecommerce-team2/controller/order/order_controller.go:206.16,210.3 3 0
dashboard-ecommerce-team2/controller/order/order_controller.go:212.2,212.136 1 0
dashboard-ecommerce-team2/controller/product/product_controller.go:18.88,23.2 1 0
dashboard-ecommerce-team2/controller/product/product_controller.go:44.72,47.45 2 0
dashboard-ecommerce-team2/controller/product/product_controller.go:47.45,51.3 3 0
dashboard-ecommerce-team2/controller/product/product_controller.go:53.2,54.16 2 0
dashboard-ecommerce-team2/controller/product/product_controller.go:54.16,59.3 4 0
dashboard-ecommerce-team2/controller/product/product_controller.go:61.2,62.59 2 0
dashboard-ecommerce-team2/controller/product/product_controller.go:62.59,67.3 4 0
dashboard-ecommerce-team2/controller/product/product_controller.go:68.2,71.16 3 0
dashboard-ecommerce-team2/controller/product/product_controller.go:71.16,76.3 4 0
dashboard-ecommerce-team2/controller/product/product_controller.go:78.2,79.74 2 0
dashboard-ecommerce-team2/controller/product/product_controller.go:96.73,104.16 6 0
dashboard-ecommerce-team2/controller/product/product_controller.go:104.16,105.41 1 0
dashboard-ecommerce-team2/controller/product/product_controller.go:105.41,109.4 3 0
dashboard-ecommerce-team2/controller/product/product_controller.go:111.3,114.9 4 0
dashboard-ecommerce-team2/controller/product/product_controller.go:116.2,118.107 2 0
dashboard-ecommerce-team2/controller/product/product_controller.go:133.73,139.16 4 0
dashboard-ecommerce-team2/controller/product/product_controller.go:139.16,143.3 3 0
dashboard-ecommerce-team2/controller/product/product_controller.go:145.2,145.50 1 0
dashboard-ecommerce-team2/controller/product/product_controller.go:171.72,175.45 3 0
dashboard-ecommerce-team2/controller/product/product_controller.go:175.45,179.3 3 0
dashboard-ecommerce-team2/controller/product/product_controller.go:181.2,183.16 3 0
dashboard-ecommerce-team2/controller/product/product_controller.go:183.16,185.60 2 0
dashboard-ecommerce-team2/controller/product/product_controller.go:185.60,190.4 4 0
dashboard-ecommerce-team2/controller/product/product_controller.go:191.3,191.78 1 0
dashboard-ecommerce-team2/controller/product/product_controller.go:194.2,195.16 2 0
dashboard-ecommerce-team2/controller/product/product_controller.go:195.16,200.3 4 0
dashboard-ecommerce-team2/controller/product/product_controller.go:202.2,203.69 2 0
dashboard-ecommerce-team2/controller/product/product_controller.go:220.72,224.16 3 0
dashboard-ecommerce-team2/controller/product/product_controller.go:224.16,225.41 1 0
dashboard-ecommerce-team2/controller/product/product_controller.go:225.41,228.4 2 0
dashboard-ecommerce-team2/controller/product/product_controller.go:228.9,232.4 3 0
dashboard-ecommerce-team2/controller/product/product_controller.go:233.3,233.9 1 0
dashboard-ecommerce-team2/controller/product/product_controller.go:235.2,235.74 1 0
dashboard-ecommerce-team2/controller/promotion/promotion_controller.go:19.92,24.2 1 0
dashboard-ecommerce-team2/controller/promotion/promotion_controller.go:35.77,37.16 2 0
dashboard-ecommerce-team2/controller/promotion/promotion_controller.go:37.16,41.3 3 0
dashboard-ecommerce-team2/controller/promotion/promotion_controller.go:43.2,43.78 1 0
dashboard-ecommerce-team2/controller/promotion/promotion_controller.go:56.78,59.16 3 0
dashboard-ecommerce-team2/controller/promotion/promotion_controller.go:59.16,63.3 3 0
dashboard-ecommerce-team2/controller/promotion/promotion_controller.go:65.2,66.16 2 0
dashboard-ecommerce-team2/controller/promotion/promotion_controller.go:66.16,70.3 3 0
dashboard-ecommerce-team2/controller/promotion/promotion_controller.go:72.2,72.73 1 0
dashboard-ecommerce-team2/controller/promotion/promotion_controller.go:86.76,88.53 2 0
dashboard-ecommerce-team2/controller/promotion/promotion_controller.go:88.53,92.3 3 0
dashboard-ecommerce-team2/controller/promotion/promotion_controller.go:94.2,94.75 1 0
dashboard-ecommerce-team2/controller/promotion/promotion_controller.go:94.75,98.3 3 0
dashboard-ecommerce-team2/controller/promotion/promotion_controller.go:100.2,100.82 1 0
dashboard-ecommerce-team2/controller/promotion/promotion_controller.go:113.76,116.16 3 0
dashboard-ecommerce-team2/controller/promotion/promotion_controller.go:116.16,120.3 3 0
dashboard-ecommerce-team2/controller/promotion/promotion_controller.go:122.2,123.16 2 0
dashboard-ecommerce-team2/controller/promotion/promotion_controller.go:123.16,127.3 3 0
dashboard-ecommerce-team2/controller/promotion/promotion_controller.go:130.2,132.16 3 0
dashboard-ecommerce-team2/controller/promotion/promotion_controller.go:132.16,136.3 3 0
dashboard-ecommerce-team2/controller/promotion/promotion_controller.go:138.2,138.91 1 0
dashboard-ecommerce-team2/controller/promotion/promotion_controller.go:155.76,158.16 3 0
dashboard-ecommerce-team2/controller/promotion/promotion_controller.go:158.16,162.3 3 0
dashboard-ecommerce-team2/controller/promotion/promotion_controller.go:164.2,165.16 2 0
dashboard-ecommerce-team2/controller/promotion/promotion_controller.go:165.16,169.3 3 0
dashboard-ecommerce-team2/controller/promotion/promotion_controller.go:171.2,171.75 1 0
dashboard-ecommerce-team2/controller/stock/stock_controller.go:18.84,23.2 1 0
dashboard-ecommerce-team2/controller/stock/stock_controller.go:38.75,40.47 2 0
dashboard-ecommerce-team2/controller/stock/stock_controller.go:40.47,44.3 3 0
dashboard-ecommerce-team2/controller/stock/stock_controller.go:46.2,46.43 1 0
dashboard-ecommerce-team2/controller/stock/stock_controller.go:46.43,50.3 3 0
dashboard-ecommerce-team2/controller/stock/stock_controller.go:52.2,52.68 1 0
dashboard-ecommerce-team2/controller/stock/stock_controller.go:52.68,56.3 3 0
dashboard-ecommerce-team2/controller/stock/stock_controller.go:58.2,58.72 1 0
dashboard-ecommerce-team2/controller/stock/stock_controller.go:73.78,76.16 3 0
dashboard-ecommerce-team2/controller/stock/stock_controller.go:76.16,80.3 3 0
dashboard-ecommerce-team2/controller/stock/stock_controller.go:82.2,82.55 1 0
dashboard-ecommerce-team2/controller/stock/stock_controller.go:99.75,103.16 3 0
dashboard-ecommerce-team2/controller/stock/stock_controller.go:103.16,104.41 1 0
dashboard-ecommerce-team2/controller/stock/stock_controller.go:104.41,107.4 2 0
dashboard-ecommerce-team2/controller/stock/stock_controller.go:107.9,111.4 3 0
dashboard-ecommerce-team2/controller/stock/stock_controller.go:112.3,112.9 1 0
dashboard-ecommerce-team2/controller/stock/stock_controller.go:114.2,114.74 1 0
dashboard-ecommerce-team2/controller/dashboard/dashboard_controller.go:17.92,22.2 1 0
dashboard-ecommerce-team2/controller/dashboard/dashboard_controller.go:31.71,33.16 2 1
dashboard-ecommerce-team2/controller/dashboard/dashboard_controller.go:33.16,37.3 3 1
dashboard-ecommerce-team2/controller/dashboard/dashboard_controller.go:39.2,39.90 1 1
dashboard-ecommerce-team2/controller/dashboard/dashboard_controller.go:49.80,51.16 2 1
dashboard-ecommerce-team2/controller/dashboard/dashboard_controller.go:51.16,55.3 3 1
dashboard-ecommerce-team2/controller/dashboard/dashboard_controller.go:57.2,57.96 1 1
dashboard-ecommerce-team2/controller/dashboard/dashboard_controller.go:67.73,69.16 2 1
dashboard-ecommerce-team2/controller/dashboard/dashboard_controller.go:69.16,73.3 3 1
dashboard-ecommerce-team2/controller/dashboard/dashboard_controller.go:74.2,75.38 2 1
dashboard-ecommerce-team2/controller/dashboard/dashboard_controller.go:85.79,87.16 2 0
dashboard-ecommerce-team2/controller/dashboard/dashboard_controller.go:87.16,91.3 3 0
dashboard-ecommerce-team2/controller/dashboard/dashboard_controller.go:92.2,92.94 1 0
dashboard-ecommerce-team2/helper/bcrypt.go:10.63,13.2 2 0
dashboard-ecommerce-team2/helper/bcrypt.go:15.43,18.2 2 0
dashboard-ecommerce-team2/helper/contains.go:5.48,6.29 1 0
dashboard-ecommerce-team2/helper/contains.go:6.29,7.18 1 0
dashboard-ecommerce-team2/helper/contains.go:7.18,9.4 1 0
dashboard-ecommerce-team2/helper/contains.go:11.2,11.14 1 0
dashboard-ecommerce-team2/helper/contains.go:14.36,17.2 2 0
dashboard-ecommerce-team2/helper/contains.go:19.34,22.2 2 0
dashboard-ecommerce-team2/helper/contains.go:23.34,26.2 2 0
dashboard-ecommerce-team2/helper/getUrlImage.go:36.62,40.16 3 0
dashboard-ecommerce-team2/helper/getUrlImage.go:40.16,42.3 1 0
dashboard-ecommerce-team2/helper/getUrlImage.go:43.2,49.16 5 0
dashboard-ecommerce-team2/helper/getUrlImage.go:49.16,51.3 1 0
dashboard-ecommerce-team2/helper/getUrlImage.go:52.2,53.16 2 0
dashboard-ecommerce-team2/helper/getUrlImage.go:53.16,55.3 1 0
dashboard-ecommerce-team2/helper/getUrlImage.go:57.2,58.16 2 0
dashboard-ecommerce-team2/helper/getUrlImage.go:58.16,60.3 1 0
dashboard-ecommerce-team2/helper/getUrlImage.go:62.2,63.16 2 0
dashboard-ecommerce-team2/helper/getUrlImage.go:63.16,65.3 1 0
dashboard-ecommerce-team2/helper/getUrlImage.go:66.2,70.16 4 0
dashboard-ecommerce-team2/helper/getUrlImage.go:70.16,72.3 1 0
dashboard-ecommerce-team2/helper/getUrlImage.go:73.2,76.16 3 0
dashboard-ecommerce-team2/helper/getUrlImage.go:76.16,78.3 1 0
dashboard-ecommerce-team2/helper/getUrlImage.go:80.2,81.16 2 0
dashboard-ecommerce-team2/helper/getUrlImage.go:81.16,83.3 1 0
dashboard-ecommerce-team2/helper/getUrlImage.go:85.2,85.26 1 0
dashboard-ecommerce-team2/helper/getUrlImage.go:85.26,87.3 1 0
dashboard-ecommerce-team2/helper/getUrlImage.go:89.2,89.34 1 0
dashboard-ecommerce-team2/helper/logger.go:11.43,27.16 4 0
dashboard-ecommerce-team2/helper/logger.go:27.16,30.3 2 0
dashboard-ecommerce-team2/helper/logger.go:32.2,50.20 4 0
dashboard-ecommerce-team2/helper/pointerToTime.go:5.44,7.2 1 0
dashboard-ecommerce-team2/helper/response.go:17.87,22.2 1 1
dashboard-ecommerce-team2/helper/response.go:23.134,32.2 1 0
dashboard-ecommerce-team2/helper/response.go:34.89,39.2 1 1
dashboard-ecommerce-team2/helper/token.go:12.60,26.2 6 0
dashboard-ecommerce-team2/helper/token.go:28.69,31.21 2 0
dashboard-ecommerce-team2/helper/token.go:31.21,33.3 1 0
dashboard-ecommerce-team2/helper/token.go:35.2,39.16 3 0
dashboard-ecommerce-team2/helper/token.go:39.16,41.3 1 0
dashboard-ecommerce-team2/helper/token.go:44.2,49.36 4 0
dashboard-ecommerce-team2/helper/token.go:49.36,51.3 1 0
dashboard-ecommerce-team2/helper/token.go:53.2,53.27 1 0
dashboard-ecommerce-team2/helper/validator.go:15.32,31.2 2 0
dashboard-ecommerce-team2/helper/validator.go:34.60,36.2 1 0
dashboard-ecommerce-team2/helper/validator.go:39.46,56.66 3 0
dashboard-ecommerce-team2/helper/validator.go:56.66,57.39 1 0
dashboard-ecommerce-team2/helper/validator.go:57.39,61.51 2 0
dashboard-ecommerce-team2/helper/validator.go:61.51,63.5 1 0
dashboard-ecommerce-team2/helper/validator.go:63.10,66.5 1 0
dashboard-ecommerce-team2/helper/validator.go:70.2,70.40 1 0
dashboard-ecommerce-team2/models/banner.go:42.104,46.16 4 0
dashboard-ecommerce-team2/models/banner.go:46.16,48.3 1 0
dashboard-ecommerce-team2/models/banner.go:50.2,62.8 1 0
dashboard-ecommerce-team2/models/banner.go:70.46,72.2 1 0
dashboard-ecommerce-team2/models/banner.go:75.47,77.9 2 0
dashboard-ecommerce-team2/models/banner.go:77.9,79.3 1 0
dashboard-ecommerce-team2/models/banner.go:80.2,80.30 1 0
dashboard-ecommerce-team2/models/banner.go:84.28,120.2 1 0
dashboard-ecommerce-team2/models/category.go:20.32,53.2 1 0
dashboard-ecommerce-team2/models/order.go:30.26,141.2 1 0
dashboard-ecommerce-team2/models/order.go:143.34,230.2 1 0
dashboard-ecommerce-team2/models/product.go:52.53,53.18 1 0
dashboard-ecommerce-team2/models/product.go:53.18,56.3 2 0
dashboard-ecommerce-team2/models/product.go:57.2,58.9 2 0
dashboard-ecommerce-team2/models/product.go:58.9,60.3 1 0
dashboard-ecommerce-team2/models/product.go:61.2,61.37 1 0
dashboard-ecommerce-team2/models/product.go:64.52,66.2 1 0
dashboard-ecommerce-team2/models/product.go:68.55,73.2 3 0
dashboard-ecommerce-team2/models/product.go:84.53,88.2 3 0
dashboard-ecommerce-team2/models/product.go:115.30,166.2 1 0
dashboard-ecommerce-team2/models/product.go:168.26,191.2 1 0
dashboard-ecommerce-team2/models/promotion.go:28.34,79.2 1 0
dashboard-ecommerce-team2/models/user.go:33.24,114.2 1 0
dashboard-ecommerce-team2/repository/repository.go:26.61,36.2 1 0
dashboard-ecommerce-team2/repository/category/category_repository.go:24.74,32.58 2 0
dashboard-ecommerce-team2/repository/category/category_repository.go:32.58,35.3 2 0
dashboard-ecommerce-team2/repository/category/category_repository.go:36.2,36.12 1 0
dashboard-ecommerce-team2/repository/category/category_repository.go:40.51,42.66 2 0
dashboard-ecommerce-team2/repository/category/category_repository.go:42.66,45.3 2 0
dashboard-ecommerce-team2/repository/category/category_repository.go:46.2,46.12 1 0
dashboard-ecommerce-team2/repository/category/category_repository.go:50.88,56.80 4 0
dashboard-ecommerce-team2/repository/category/category_repository.go:56.80,59.3 2 0
dashboard-ecommerce-team2/repository/category/category_repository.go:61.2,63.81 2 0
dashboard-ecommerce-team2/repository/category/category_repository.go:63.81,66.3 2 0
dashboard-ecommerce-team2/repository/category/category_repository.go:68.2,68.36 1 0
dashboard-ecommerce-team2/repository/category/category_repository.go:72.72,75.56 3 0
dashboard-ecommerce-team2/repository/category/category_repository.go:75.56,78.3 2 0
dashboard-ecommerce-team2/repository/category/category_repository.go:79.2,79.23 1 0
dashboard-ecommerce-team2/repository/category/category_repository.go:83.74,85.118 2 0
dashboard-ecommerce-team2/repository/category/category_repository.go:85.118,88.3 2 0
dashboard-ecommerce-team2/repository/category/category_repository.go:89.2,89.12 1 0
dashboard-ecommerce-team2/repository/category/category_repository.go:92.77,94.2 1 0
dashboard-ecommerce-team2/repository/order/order_repository.go:29.75,44.16 4 0
dashboard-ecommerce-team2/repository/order/order_repository.go:44.16,46.3 1 0
dashboard-ecommerce-team2/repository/order/order_repository.go:48.2,48.35 1 0
dashboard-ecommerce-team2/repository/order/order_repository.go:48.35,51.3 2 0
dashboard-ecommerce-team2/repository/order/order_repository.go:53.2,53.22 1 0
dashboard-ecommerce-team2/repository/order/order_repository.go:57.67,64.16 3 0
dashboard-ecommerce-team2/repository/order/order_repository.go:64.16,66.3 1 0
dashboard-ecommerce-team2/repository/order/order_repository.go:67.2,68.22 2 0
dashboard-ecommerce-team2/repository/order/order_repository.go:72.53,78.16 3 0
dashboard-ecommerce-team2/repository/order/order_repository.go:78.16,80.3 1 0
dashboard-ecommerce-team2/repository/order/order_repository.go:81.2,81.24 1 0
dashboard-ecommerce-team2/repository/order/order_repository.go:85.82,91.77 4 0
dashboard-ecommerce-team2/repository/order/order_repository.go:91.77,94.3 2 0
dashboard-ecommerce-team2/repository/order/order_repository.go:96.2,96.77 1 0
dashboard-ecommerce-team2/repository/order/order_repository.go:96.77,99.3 2 0
dashboard-ecommerce-team2/repository/order/order_repository.go:101.2,101.32 1 0
dashboard-ecommerce-team2/repository/order/order_repository.go:105.66,107.53 2 0
dashboard-ecommerce-team2/repository/order/order_repository.go:107.53,110.3 2 0
dashboard-ecommerce-team2/repository/order/order_repository.go:111.2,111.20 1 0
dashboard-ecommerce-team2/repository/order/order_repository.go:115.69,117.53 2 0
dashboard-ecommerce-team2/repository/order/order_repository.go:117.53,120.3 2 0
dashboard-ecommerce-team2/repository/order/order_repository.go:121.2,122.32 2 0
dashboard-ecommerce-team2/repository/order/order_repository.go:125.53,127.81 2 0
dashboard-ecommerce-team2/repository/order/order_repository.go:127.81,130.3 2 0
dashboard-ecommerce-team2/repository/order/order_repository.go:132.2,132.63 1 0
dashboard-ecommerce-team2/repository/order/order_repository.go:132.63,135.3 2 0
dashboard-ecommerce-team2/repository/order/order_repository.go:136.2,136.12 1 0
dashboard-ecommerce-team2/repository/order/order_repository.go:139.88,141.53 2 0
dashboard-ecommerce-team2/repository/order/order_repository.go:141.53,144.3 2 0
dashboard-ecommerce-team2/repository/order/order_repository.go:146.2,147.79 2 0
dashboard-ecommerce-team2/repository/order/order_repository.go:147.79,150.3 2 0
dashboard-ecommerce-team2/repository/order/order_repository.go:152.2,152.32 1 0
dashboard-ecommerce-team2/repository/order/order_repository.go:155.71,157.2 1 0
dashboard-ecommerce-team2/repository/order/order_repository_mock.go:14.64,15.24 1 0
dashboard-ecommerce-team2/repository/order/order_repository_mock.go:19.70,20.24 1 0
dashboard-ecommerce-team2/repository/order/order_repository_mock.go:24.73,25.24 1 0
dashboard-ecommerce-team2/repository/product/product_repository.go:28.75,30.2 1 0
dashboard-ecommerce-team2/repository/product/product_repository.go:33.78,52.16 5 0
dashboard-ecommerce-team2/repository/product/product_repository.go:52.16,54.3 1 0
dashboard-ecommerce-team2/repository/product/product_repository.go:57.2,57.35 1 0
dashboard-ecommerce-team2/repository/product/product_repository.go:57.35,63.3 1 0
dashboard-ecommerce-team2/repository/product/product_repository.go:65.2,65.26 1 0
dashboard-ecommerce-team2/repository/product/product_repository.go:69.57,79.16 3 0
dashboard-ecommerce-team2/repository/product/product_repository.go:79.16,81.3 1 0
dashboard-ecommerce-team2/repository/product/product_repository.go:83.2,83.24 1 0
dashboard-ecommerce-team2/repository/product/product_repository.go:87.72,91.16 3 0
dashboard-ecommerce-team2/repository/product/product_repository.go:91.16,94.3 2 0
dashboard-ecommerce-team2/repository/product/product_repository.go:95.2,95.12 1 0
dashboard-ecommerce-team2/repository/product/product_repository.go:99.50,103.16 3 0
dashboard-ecommerce-team2/repository/product/product_repository.go:103.16,104.40 1 0
dashboard-ecommerce-team2/repository/product/product_repository.go:104.40,106.4 1 0
dashboard-ecommerce-team2/repository/product/product_repository.go:107.3,108.13 2 0
dashboard-ecommerce-team2/repository/product/product_repository.go:111.2,112.16 2 0
dashboard-ecommerce-team2/repository/product/product_repository.go:112.16,115.3 2 0
dashboard-ecommerce-team2/repository/product/product_repository.go:117.2,117.12 1 0
dashboard-ecommerce-team2/repository/product/product_repository.go:121.102,130.16 5 0
dashboard-ecommerce-team2/repository/product/product_repository.go:130.16,133.3 2 0
dashboard-ecommerce-team2/repository/product/product_repository.go:136.2,151.16 2 0
dashboard-ecommerce-team2/repository/product/product_repository.go:151.16,154.3 2 0
dashboard-ecommerce-team2/repository/product/product_repository.go:156.2,156.46 1 0
dashboard-ecommerce-team2/repository/product/product_repository.go:160.72,182.16 4 0
dashboard-ecommerce-team2/repository/product/product_repository.go:182.16,183.40 1 0
dashboard-ecommerce-team2/repository/product/product_repository.go:183.40,185.4 1 0
dashboard-ecommerce-team2/repository/product/product_repository.go:186.3,187.18 2 0
dashboard-ecommerce-team2/repository/product/product_repository.go:189.2,189.26 1 0
dashboard-ecommerce-team2/repository/product/product_repository.go:189.26,190.73 1 0
dashboard-ecommerce-team2/repository/product/product_repository.go:190.73,193.4 2 0
dashboard-ecommerce-team2/repository/product/product_repository.go:196.2,196.24 1 0
dashboard-ecommerce-team2/repository/product/product_repository.go:200.98,205.16 4 0
dashboard-ecommerce-team2/repository/product/product_repository.go:205.16,206.40 1 0
dashboard-ecommerce-team2/repository/product/product_repository.go:206.40,208.4 1 0
dashboard-ecommerce-team2/repository/product/product_repository.go:209.3,210.18 2 0
dashboard-ecommerce-team2/repository/product/product_repository.go:212.2,212.22 1 0
dashboard-ecommerce-team2/repository/product/product_repository_mock.go:13.75,14.24 1 0
dashboard-ecommerce-team2/repository/product/product_repository_mock.go:18.54,19.24 1 0
dashboard-ecommerce-team2/repository/product/product_repository_mock.go:23.68,24.24 1 0
dashboard-ecommerce-team2/repository/product/product_repository_mock.go:28.74,29.24 1 0
dashboard-ecommerce-team2/repository/product/product_repository_mock.go:33.75,34.24 1 0
dashboard-ecommerce-team2/repository/promotion/promotion_repository.go:26.78,28.16 2 0
dashboard-ecommerce-team2/repository/promotion/promotion_repository.go:28.16,31.3 2 0
dashboard-ecommerce-team2/repository/promotion/promotion_repository.go:32.2,32.12 1 0
dashboard-ecommerce-team2/repository/promotion/promotion_repository.go:36.52,39.16 3 0
dashboard-ecommerce-team2/repository/promotion/promotion_repository.go:39.16,40.45 1 0
dashboard-ecommerce-team2/repository/promotion/promotion_repository.go:40.45,43.4 2 0
dashboard-ecommerce-team2/repository/promotion/promotion_repository.go:45.3,46.13 2 0
dashboard-ecommerce-team2/repository/promotion/promotion_repository.go:50.2,51.16 2 0
dashboard-ecommerce-team2/repository/promotion/promotion_repository.go:51.16,54.3 2 0
dashboard-ecommerce-team2/repository/promotion/promotion_repository.go:56.2,56.12 1 0
dashboard-ecommerce-team2/repository/promotion/promotion_repository.go:60.68,62.53 2 0
dashboard-ecommerce-team2/repository/promotion/promotion_repository.go:62.53,65.3 2 0
dashboard-ecommerce-team2/repository/promotion/promotion_repository.go:67.2,67.24 1 0
dashboard-ecommerce-team2/repository/promotion/promotion_repository.go:71.74,76.16 3 0
dashboard-ecommerce-team2/repository/promotion/promotion_repository.go:76.16,77.45 1 0
dashboard-ecommerce-team2/repository/promotion/promotion_repository.go:77.45,80.4 2 0
dashboard-ecommerce-team2/repository/promotion/promotion_repository.go:82.3,83.18 2 0
dashboard-ecommerce-team2/repository/promotion/promotion_repository.go:86.2,86.24 1 0
dashboard-ecommerce-team2/repository/promotion/promotion_repository.go:90.78,92.16 2 0
dashboard-ecommerce-team2/repository/promotion/promotion_repository.go:92.16,95.3 2 0
dashboard-ecommerce-team2/repository/promotion/promotion_repository.go:97.2,97.12 1 0
dashboard-ecommerce-team2/repository/promotion/promotion_repository.go:100.79,102.2 1 0
dashboard-ecommerce-team2/repository/stock/stock_repository.go:25.48,29.16 3 0
dashboard-ecommerce-team2/repository/stock/stock_repository.go:29.16,30.40 1 0
dashboard-ecommerce-team2/repository/stock/stock_repository.go:30.40,32.4 1 0
dashboard-ecommerce-team2/repository/stock/stock_repository.go:33.3,34.13 2 0
dashboard-ecommerce-team2/repository/stock/stock_repository.go:37.2,38.16 2 0
dashboard-ecommerce-team2/repository/stock/stock_repository.go:38.16,41.3 2 0
dashboard-ecommerce-team2/repository/stock/stock_repository.go:42.2,42.12 1 0
dashboard-ecommerce-team2/repository/stock/stock_repository.go:46.74,57.16 4 0
dashboard-ecommerce-team2/repository/stock/stock_repository.go:57.16,58.40 1 0
dashboard-ecommerce-team2/repository/stock/stock_repository.go:58.40,60.4 1 0
dashboard-ecommerce-team2/repository/stock/stock_repository.go:61.3,62.18 2 0
dashboard-ecommerce-team2/repository/stock/stock_repository.go:64.2,64.26 1 0
dashboard-ecommerce-team2/repository/stock/stock_repository.go:64.26,65.76 1 0
dashboard-ecommerce-team2/repository/stock/stock_repository.go:65.76,68.4 2 0
dashboard-ecommerce-team2/repository/stock/stock_repository.go:71.2,71.27 1 0
dashboard-ecommerce-team2/repository/stock/stock_repository.go:75.75,82.41 3 0
dashboard-ecommerce-team2/repository/stock/stock_repository.go:82.41,85.3 2 0
dashboard-ecommerce-team2/repository/stock/stock_repository.go:87.2,88.31 2 0
dashboard-ecommerce-team2/repository/stock/stock_repository.go:88.31,90.3 1 0
dashboard-ecommerce-team2/repository/stock/stock_repository.go:90.8,90.39 1 0
dashboard-ecommerce-team2/repository/stock/stock_repository.go:90.39,91.43 1 0
dashboard-ecommerce-team2/repository/stock/stock_repository.go:91.43,94.4 2 0
dashboard-ecommerce-team2/repository/stock/stock_repository.go:95.3,95.36 1 0
dashboard-ecommerce-team2/repository/stock/stock_repository.go:96.8,99.3 2 0
dashboard-ecommerce-team2/repository/stock/stock_repository.go:101.2,106.24 1 0
dashboard-ecommerce-team2/repository/stock/stock_repository.go:106.24,109.3 2 0
dashboard-ecommerce-team2/repository/stock/stock_repository.go:111.2,111.70 1 0
dashboard-ecommerce-team2/repository/stock/stock_repository.go:111.70,114.3 2 0
dashboard-ecommerce-team2/repository/stock/stock_repository.go:116.2,117.12 2 0
[...]
dashboard-ecommerce-team2/util/uploadCDN.go:13.51,15.16 2 0
dashboard-ecommerce-team2/util/uploadCDN.go:15.16,17.3 1 0
dashboard-ecommerce-team2/util/uploadCDN.go:19.2,19.35 1 0
dashboard-ecommerce-team2/util/uploadCDN.go:19.35,21.3 1 0
dashboard-ecommerce-team2/util/uploadCDN.go:23.2,24.18 2 0
dashboard-ecommerce-team2/util/uploadCDN.go:24.18,26.3 1 0
dashboard-ecommerce-team2/util/uploadCDN.go:29.2,42.16 3 0
dashboard-ecommerce-team2/util/uploadCDN.go:42.16,44.3 1 0
dashboard-ecommerce-team2/util/uploadCDN.go:47.2,47.30 1 0
dashboard-ecommerce-team2/util/uploadCDN.go:47.30,49.3 1 0
dashboard-ecommerce-team2/util/uploadCDN.go:52.2,58.61 2 0
dashboard-ecommerce-team2/util/uploadCDN.go:58.61,60.3 1 0
dashboard-ecommerce-team2/util/uploadCDN.go:61.2,64.27 2 0
dashboard-ecommerce-team2/util/uploadCDN.go:64.27,66.3 1 0
dashboard-ecommerce-team2/util/uploadCDN.go:68.2,68.29 1 0
dashboard-ecommerce-team2/helper/bcrypt.go:10.63,13.2 2 1
dashboard-ecommerce-team2/helper/bcrypt.go:15.43,18.2 2 1
dashboard-ecommerce-team2/helper/contains.go:5.48,6.29 1 0
dashboard-ecommerce-team2/helper/contains.go:6.29,7.18 1 0
dashboard-ecommerce-team2/helper/contains.go:7.18,9.4 1 0
dashboard-ecommerce-team2/helper/contains.go:11.2,11.14 1 0
dashboard-ecommerce-team2/helper/contains.go:14.36,17.2 2 0
dashboard-ecommerce-team2/helper/contains.go:19.34,22.2 2 0
dashboard-ecommerce-team2/helper/contains.go:23.34,26.2 2 0
dashboard-ecommerce-team2/helper/getUrlImage.go:36.62,40.16 3 0
dashboard-ecommerce-team2/helper/getUrlImage.go:40.16,42.3 1 0
dashboard-ecommerce-team2/helper/getUrlImage.go:43.2,49.16 5 0
dashboard-ecommerce-team2/helper/getUrlImage.go:49.16,51.3 1 0
dashboard-ecommerce-team2/helper/getUrlImage.go:52.2,53.16 2 0
dashboard-ecommerce-team2/helper/getUrlImage.go:53.16,55.3 1 0
dashboard-ecommerce-team2/helper/getUrlImage.go:57.2,58.16 2 0
dashboard-ecommerce-team2/helper/getUrlImage.go:58.16,60.3 1 0
dashboard-ecommerce-team2/helper/getUrlImage.go:62.2,63.16 2 0
dashboard-ecommerce-team2/helper/getUrlImage.go:63.16,65.3 1 0
dashboard-ecommerce-team2/helper/getUrlImage.go:66.2,70.16 4 0
dashboard-ecommerce-team2/helper/getUrlImage.go:70.16,72.3 1 0
dashboard-ecommerce-team2/helper/getUrlImage.go:73.2,76.16 3 0
dashboard-ecommerce-team2/helper/getUrlImage.go:76.16,78.3 1 0
dashboard-ecommerce-team2/helper/getUrlImage.go:80.2,81.16 2 0
dashboard-ecommerce-team2/helper/getUrlImage.go:81.16,83.3 1 0
dashboard-ecommerce-team2/helper/getUrlImage.go:85.2,85.26 1 0
dashboard-ecommerce-team2/helper/getUrlImage.go:85.26,87.3 1 0
dashboard-ecommerce-team2/helper/getUrlImage.go:89.2,89.34 1 0
dashboard-ecommerce-team2/helper/logger.go:11.43,27.16 4 0
dashboard-ecommerce-team2/helper/logger.go:27.16,30.3 2 0
dashboard-ecommerce-team2/helper/logger.go:32.2,50.20 4 0
dashboard-ecommerce-team2/helper/pointerToTime.go:5.44,7.2 1 0
dashboard-ecommerce-team2/helper/response.go:17.87,22.2 1 0
dashboard-ecommerce-team2/helper/response.go:23.134,32.2 1 0
dashboard-ecommerce-team2/helper/response.go:34.89,39.2 1 0
dashboard-ecommerce-team2/helper/token.go:12.60,26.2 6 0
dashboard-ecommerce-team2/helper/token.go:28.69,31.21 2 0
dashboard-ecommerce-team2/helper/token.go:31.21,33.3 1 0
dashboard-ecommerce-team2/helper/token.go:35.2,39.16 3 0
dashboard-ecommerce-team2/helper/token.go:39.16,41.3 1 0
dashboard-ecommerce-team2/helper/token.go:44.2,49.36 4 0
dashboard-ecommerce-team2/helper/token.go:49.36,51.3 1 0
dashboard-ecommerce-team2/helper/token.go:53.2,53.27 1 0
dashboard-ecommerce-team2/helper/validator.go:15.32,31.2 2 0
dashboard-ecommerce-team2/helper/validator.go:34.60,36.2 1 0
dashboard-ecommerce-team2/helper/validator.go:39.46,56.66 3 0
dashboard-ecommerce-team2/helper/validator.go:56.66,57.39 1 0
dashboard-ecommerce-team2/helper/validator.go:57.39,61.51 2 0
dashboard-ecommerce-team2/helper/validator.go:61.51,63.5 1 0
dashboard-ecommerce-team2/helper/validator.go:63.10,66.5 1 0
dashboard-ecommerce-team2/helper/validator.go:70.2,70.40 1 0
dashboard-ecommerce-team2/models/banner.go:42.104,46.16 4 0
dashboard-ecommerce-team2/models/banner.go:46.16,48.3 1 0
dashboard-ecommerce-team2/models/banner.go:50.2,62.8 1 0
dashboard-ecommerce-team2/models/banner.go:70.46,72.2 1 0
dashboard-ecommerce-team2/models/banner.go:75.47,77.9 2 0
dashboard-ecommerce-team2/models/banner.go:77.9,79.3 1 0
dashboard-ecommerce-team2/models/banner.go:80.2,80.30 1 0
dashboard-ecommerce-team2/models/banner.go:84.28,120.2 1 0
dashboard-ecommerce-team2/models/category.go:20.32,53.2 1 0
dashboard-ecommerce-team2/models/order.go:30.26,141.2 1 0
dashboard-ecommerce-team2/models/order.go:143.34,230.2 1 0
dashboard-ecommerce-team2/models/product.go:52.53,53.18 1 0
dashboard-ecommerce-team2/models/product.go:53.18,56.3 2 0
dashboard-ecommerce-team2/models/product.go:57.2,58.9 2 0
dashboard-ecommerce-team2/models/product.go:58.9,60.3 1 0
dashboard-ecommerce-team2/models/product.go:61.2,61.37 1 0
dashboard-ecommerce-team2/models/product.go:64.52,66.2 1 0
dashboard-ecommerce-team2/models/product.go:68.55,73.2 3 0
dashboard-ecommerce-team2/models/product.go:84.53,88.2 3 0
dashboard-ecommerce-team2/models/product.go:115.30,166.2 1 0
dashboard-ecommerce-team2/models/product.go:168.26,191.2 1 0
dashboard-ecommerce-team2/models/promotion.go:28.34,79.2 1 0
dashboard-ecommerce-team2/models/user.go:33.24,114.2 1 0
dashboard-ecommerce-team2/repository/repository.go:26.61,36.2 1 0
dashboard-ecommerce-team2/repository/category/category_repository.go:24.74,32.58 2 0
dashboard-ecommerce-team2/repository/category/category_repository.go:32.58,35.3 2 0
dashboard-ecommerce-team2/repository/category/category_repository.go:36.2,36.12 1 0
dashboard-ecommerce-team2/repository/category/category_repository.go:40.51,42.66 2 0
dashboard-ecommerce-team2/repository/category/category_repository.go:42.66,45.3 2 0
dashboard-ecommerce-team2/repository/category/category_repository.go:46.2,46.12 1 0
dashboard-ecommerce-team2/repository/category/category_repository.go:50.88,56.80 4 0
dashboard-ecommerce-team2/repository/category/category_repository.go:56.80,59.3 2 0
dashboard-ecommerce-team2/repository/category/category_repository.go:61.2,63.81 2 0
dashboard-ecommerce-team2/repository/category/category_repository.go:63.81,66.3 2 0
dashboard-ecommerce-team2/repository/category/category_repository.go:68.2,68.36 1 0
dashboard-ecommerce-team2/repository/category/category_repository.go:72.72,75.56 3 0
dashboard-ecommerce-team2/repository/category/category_repository.go:75.56,78.3 2 0
dashboard-ecommerce-team2/repository/category/category_repository.go:79.2,79.23 1 0
dashboard-ecommerce-team2/repository/category/category_repository.go:83.74,85.118 2 0
dashboard-ecommerce-team2/repository/category/category_repository.go:85.118,88.3 2 0
dashboard-ecommerce-team2/repository/category/category_repository.go:89.2,89.12 1 0
dashboard-ecommerce-team2/repository/category/category_repository.go:92.77,94.2 1 0
dashboard-ecommerce-team2/repository/order/order_repository.go:29.75,44.16 4 0
dashboard-ecommerce-team2/repository/order/order_repository.go:44.16,46.3 1 0
dashboard-ecommerce-team2/repository/order/order_repository.go:48.2,48.35 1 0
dashboard-ecommerce-team2/repository/order/order_repository.go:48.35,51.3 2 0
dashboard-ecommerce-team2/repository/order/order_repository.go:53.2,53.22 1 0
dashboard-ecommerce-team2/repository/order/order_repository.go:57.67,64.16 3 0
dashboard-ecommerce-team2/repository/order/order_repository.go:64.16,66.3 1 0
dashboard-ecommerce-team2/repository/order/order_repository.go:67.2,68.22 2 0
dashboard-ecommerce-team2/repository/order/order_repository.go:72.53,78.16 3 0
dashboard-ecommerce-team2/repository/order/order_repository.go:78.16,80.3 1 0
dashboard-ecommerce-team2/repository/order/order_repository.go:81.2,81.24 1 0
dashboard-ecommerce-team2/repository/order/order_repository.go:85.82,91.77 4 0
dashboard-ecommerce-team2/repository/order/order_repository.go:91.77,94.3 2 0
dashboard-ecommerce-team2/repository/order/order_repository.go:96.2,96.77 1 0
dashboard-ecommerce-team2/repository/order/order_repository.go:96.77,99.3 2 0
dashboard-ecommerce-team2/repository/order/order_repository.go:101.2,101.32 1 0
dashboard-ecommerce-team2/repository/order/order_repository.go:105.66,107.53 2 0
dashboard-ecommerce-team2/repository/order/order_repository.go:107.53,110.3 2 0
dashboard-ecommerce-team2/repository/order/order_repository.go:111.2,111.20 1 0
dashboard-ecommerce-team2/repository/order/order_repository.go:115.69,117.53 2 0
dashboard-ecommerce-team2/repository/order/order_repository.go:117.53,120.3 2 0
dashboard-ecommerce-team2/repository/order/order_repository.go:121.2,122.32 2 0
dashboard-ecommerce-team2/repository/order/order_repository.go:125.53,127.81 2 0
dashboard-ecommerce-team2/repository/order/order_repository.go:127.81,130.3 2 0
dashboard-ecommerce-team2/repository/order/order_repository.go:132.2,132.63 1 0
dashboard-ecommerce-team2/repository/order/order_repository.go:132.63,135.3 2 0
dashboard-ecommerce-team2/repository/order/order_repository.go:136.2,136.12 1 0
dashboard-ecommerce-team2/repository/order/order_repository.go:139.88,141.53 2 0
dashboard-ecommerce-team2/repository/order/order_repository.go:141.53,144.3 2 0
dashboard-ecommerce-team2/repository/order/order_repository.go:146.2,147.79 2 0
dashboard-ecommerce-team2/repository/order/order_repository.go:147.79,150.3 2 0
dashboard-ecommerce-team2/repository/order/order_repository.go:152.2,152.32 1 0
dashboard-ecommerce-team2/repository/order/order_repository.go:155.71,157.2 1 0
dashboard-ecommerce-team2/repository/order/order_repository_mock.go:14.64,15.24 1 0
dashboard-ecommerce-team2/repository/order/order_repository_mock.go:19.70,20.24 1 0
dashboard-ecommerce-team2/repository/order/order_repository_mock.go:24.73,25.24 1 0
dashboard-ecommerce-team2/repository/product/product_repository.go:28.75,30.2 1 0
dashboard-ecommerce-team2/repository/product/product_repository.go:33.78,52.16 5 0
dashboard-ecommerce-team2/repository/product/product_repository.go:52.16,54.3 1 0
dashboard-ecommerce-team2/repository/product/product_repository.go:57.2,57.35 1 0
dashboard-ecommerce-team2/repository/product/product_repository.go:57.35,63.3 1 0
dashboard-ecommerce-team2/repository/product/product_repository.go:65.2,65.26 1 0
dashboard-ecommerce-team2/repository/product/product_repository.go:69.57,79.16 3 0
dashboard-ecommerce-team2/repository/product/product_repository.go:79.16,81.3 1 0
dashboard-ecommerce-team2/repository/product/product_repository.go:83.2,83.24 1 0
dashboard-ecommerce-team2/repository/product/product_repository.go:87.72,91.16 3 0
dashboard-ecommerce-team2/repository/product/product_repository.go:91.16,94.3 2 0
dashboard-ecommerce-team2/repository/product/product_repository.go:95.2,95.12 1 0
dashboard-ecommerce-team2/repository/product/product_repository.go:99.50,103.16 3 0
dashboard-ecommerce-team2/repository/product/product_repository.go:103.16,104.40 1 0
dashboard-ecommerce-team2/repository/product/product_repository.go:104.40,106.4 1 0
dashboard-ecommerce-team2/repository/product/product_repository.go:107.3,108.13 2 0
dashboard-ecommerce-team2/repository/product/product_repository.go:111.2,112.16 2 0
dashboard-ecommerce-team2/repository/product/product_repository.go:112.16,115.3 2 0
dashboard-ecommerce-team2/repository/product/product_repository.go:117.2,117.12 1 0
dashboard-ecommerce-team2/repository/product/product_repository.go:121.102,130.16 5 0
dashboard-ecommerce-team2/repository/product/product_repository.go:130.16,133.3 2 0
dashboard-ecommerce-team2/repository/product/product_repository.go:136.2,151.16 2 0
dashboard-ecommerce-team2/repository/product/product_repository.go:151.16,154.3 2 0
dashboard-ecommerce-team2/repository/product/product_repository.go:156.2,156.46 1 0
dashboard-ecommerce-team2/repository/product/product_repository.go:160.72,182.16 4 0
dashboard-ecommerce-team2/repository/product/product_repository.go:182.16,183.40 1 0
dashboard-ecommerce-team2/repository/product/product_repository.go:183.40,185.4 1 0
dashboard-ecommerce-team2/repository/product/product_repository.go:186.3,187.18 2 0
dashboard-ecommerce-team2/repository/product/product_repository.go:189.2,189.26 1 0
dashboard-ecommerce-team2/repository/product/product_repository.go:189.26,190.73 1 0
dashboard-ecommerce-team2/repository/product/product_repository.go:190.73,193.4 2 0
dashboard-ecommerce-team2/repository/product/product_repository.go:196.2,196.24 1 0
dashboard-ecommerce-team2/repository/product/product_repository.go:200.98,205.16 4 0
dashboard-ecommerce-team2/repository/product/product_repository.go:205.16,206.40 1 0
dashboard-ecommerce-team2/repository/product/product_repository.go:206.40,208.4 1 0
dashboard-ecommerce-team2/repository/product/product_repository.go:209.3,210.18 2 0
dashboard-ecommerce-team2/repository/product/product_repository.go:212.2,212.22 1 0
dashboard-ecommerce-team2/repository/product/product_repository_mock.go:13.75,14.24 1 0
dashboard-ecommerce-team2/repository/product/product_repository_mock.go:18.54,19.24 1 0
dashboard-ecommerce-team2/repository/product/product_repository_mock.go:23.68,24.24 1 0
dashboard-ecommerce-team2/repository/product/product_repository_mock.go:28.74,29.24 1 0
dashboard-ecommerce-team2/repository/product/product_repository_mock.go:33.75,34.24 1 0
dashboard-ecommerce-team2/repository/promotion/promotion_repository.go:26.78,28.16 2 0
dashboard-ecommerce-team2/repository/promotion/promotion_repository.go:28.16,31.3 2 0
dashboard-ecommerce-team2/repository/promotion/promotion_repository.go:32.2,32.12 1 0
dashboard-ecommerce-team2/repository/promotion/promotion_repository.go:36.52,39.16 3 0
dashboard-ecommerce-team2/repository/promotion/promotion_repository.go:39.16,40.45 1 0
dashboard-ecommerce-team2/repository/promotion/promotion_repository.go:40.45,43.4 2 0
dashboard-ecommerce-team2/repository/promotion/promotion_repository.go:45.3,46.13 2 0
dashboard-ecommerce-team2/repository/promotion/promotion_repository.go:50.2,51.16 2 0
dashboard-ecommerce-team2/repository/promotion/promotion_repository.go:51.16,54.3 2 0
dashboard-ecommerce-team2/repository/promotion/promotion_repository.go:56.2,56.12 1 0
dashboard-ecommerce-team2/repository/promotion/promotion_repository.go:60.68,62.53 2 0
dashboard-ecommerce-team2/repository/promotion/promotion_repository.go:62.53,65.3 2 0
dashboard-ecommerce-team2/repository/promotion/promotion_repository.go:67.2,67.24 1 0
dashboard-ecommerce-team2/repository/promotion/promotion_repository.go:71.74,76.16 3 0
dashboard-ecommerce-team2/repository/promotion/promotion_repository.go:76.16,77.45 1 0
dashboard-ecommerce-team2/repository/promotion/promotion_repository.go:77.45,80.4 2 0
dashboard-ecommerce-team2/repository/promotion/promotion_repository.go:82.3,83.18 2 0
dashboard-ecommerce-team2/repository/promotion/promotion_repository.go:86.2,86.24 1 0
dashboard-ecommerce-team2/repository/promotion/promotion_repository.go:90.78,92.16 2 0
dashboard-ecommerce-team2/repository/promotion/promotion_repository.go:92.16,95.3 2 0
dashboard-ecommerce-team2/repository/promotion/promotion_repository.go:97.2,97.12 1 0
dashboard-ecommerce-team2/repository/promotion/promotion_repository.go:100.79,102.2 1 0
dashboard-ecommerce-team2/repository/stock/stock_repository.go:25.48,29.16 3 0
dashboard-ecommerce-team2/repository/stock/stock_repository.go:29.16,30.40 1 0
dashboard-ecommerce-team2/repository/stock/stock_repository.go:30.40,32.4 1 0
dashboard-ecommerce-team2/repository/stock/stock_repository.go:33.3,34.13 2 0
dashboard-ecommerce-team2/repository/stock/stock_repository.go:37.2,38.16 2 0
dashboard-ecommerce-team2/repository/stock/stock_repository.go:38.16,41.3 2 0
dashboard-ecommerce-team2/repository/stock/stock_repository.go:42.2,42.12 1 0
dashboard-ecommerce-team2/repository/stock/stock_repository.go:46.74,57.16 4 0
dashboard-ecommerce-team2/repository/stock/stock_repository.go:57.16,58.40 1 0
dashboard-ecommerce-team2/repository/stock/stock_repository.go:58.40,60.4 1 0
dashboard-ecommerce-team2/repository/stock/stock_repository.go:61.3,62.18 2 0
dashboard-ecommerce-team2/repository/stock/stock_repository.go:64.2,64.26 1 0
dashboard-ecommerce-team2/repository/stock/stock_repository.go:64.26,65.76 1 0
dashboard-ecommerce-team2/repository/stock/stock_repository.go:65.76,68.4 2 0
dashboard-ecommerce-team2/repository/stock/stock_repository.go:71.2,71.27 1 0
dashboard-ecommerce-team2/repository/stock/stock_repository.go:75.75,82.41 3 0
dashboard-ecommerce-team2/repository/stock/stock_repository.go:82.41,85.3 2 0
dashboard-ecommerce-team2/repository/stock/stock_repository.go:87.2,88.31 2 0
dashboard-ecommerce-team2/repository/stock/stock_repository.go:88.31,90.3 1 0
dashboard-ecommerce-team2/repository/stock/stock_repository.go:90.8,90.39 1 0
dashboard-ecommerce-team2/repository/stock/stock_repository.go:90.39,91.43 1 0
dashboard-ecommerce-team2/repository/stock/stock_repository.go:91.43,94.4 2 0
dashboard-ecommerce-team2/repository/stock/stock_repository.go:95.3,95.36 1 0
dashboard-ecommerce-team2/repository/stock/stock_repository.go:96.8,99.3 2 0
dashboard-ecommerce-team2/repository/stock/stock_repository.go:101.2,106.24 1 0
dashboard-ecommerce-team2/repository/stock/stock_repository.go:106.24,109.3 2 0
dashboard-ecommerce-team2/repository/stock/stock_repository.go:111.2,111.70 1 0
dashboard-ecommerce-team2/repository/stock/stock_repository.go:111.70,114.3 2 0
dashboard-ecommerce-team2/repository/stock/stock_repository.go:116.2,117.12 2 0
dashboard-ecommerce-team2/repository/stock/stock_repository.go:120.71,122.2 1 0
dashboard-ecommerce-team2/repository/user/user_repository.go:24.62,25.50 1 0
dashboard-ecommerce-team2/repository/user/user_repository.go:25.50,26.53 1 0
dashboard-ecommerce-team2/repository/user/user_repository.go:26.53,29.4 2 0
dashboard-ecommerce-team2/repository/user/user_repository.go:30.3,30.13 1 0
dashboard-ecommerce-team2/repository/user/user_repository.go:35.73,39.2 3 0
dashboard-ecommerce-team2/repository/user/user_repository.go:42.87,44.2 1 0
dashboard-ecommerce-team2/repository/user/user_repository.go:47.55,55.2 3 0
dashboard-ecommerce-team2/repository/user/user_repository.go:57.69,59.2 1 0
dashboard-ecommerce-team2/repository/user/user_repository_mock.go:14.66,17.2 2 1
dashboard-ecommerce-team2/repository/user/user_repository_mock.go:20.77,22.24 2 1
dashboard-ecommerce-team2/repository/user/user_repository_mock.go:22.24,24.3 1 1
dashboard-ecommerce-team2/repository/user/user_repository_mock.go:25.2,25.50 1 1
dashboard-ecommerce-team2/repository/user/user_repository_mock.go:29.91,32.2 2 1
dashboard-ecommerce-team2/repository/user/user_repository_mock.go:34.59,37.2 2 0
dashboard-ecommerce-team2/service/user/user_service.go:25.74,27.2 1 1
dashboard-ecommerce-team2/service/user/user_service.go:30.74,38.2 2 1
dashboard-ecommerce-team2/service/user/user_service.go:41.78,43.16 2 1
dashboard-ecommerce-team2/service/user/user_service.go:43.16,45.3 1 1
dashboard-ecommerce-team2/service/user/user_service.go:47.2,47.58 1 1
dashboard-ecommerce-team2/service/user/user_service.go:47.58,49.3 1 1
dashboard-ecommerce-team2/service/user/user_service.go:50.2,50.18 1 1
dashboard-ecommerce-team2/service/user/user_service.go:54.74,60.2 2 1
dashboard-ecommerce-team2/service/user/user_service.go:62.78,64.2 1 0
dashboard-ecommerce-team2/service/user/user_service_mock.go:14.42,17.2 2 0
dashboard-ecommerce-team2/service/user/user_service_mock.go:23.80,26.2 2 0
dashboard-ecommerce-team2/service/user/user_service_mock.go:29.82,31.24 2 0
dashboard-ecommerce-team2/service/user/user_service_mock.go:31.24,33.3 1 0
dashboard-ecommerce-team2/service/user/user_service_mock.go:34.2,34.50 1 0
dashboard-ecommerce-team2/service/user/user_service_mock.go:38.78,40.24 2 0
dashboard-ecommerce-team2/service/user/user_service_mock.go:40.24,42.3 1 0
dashboard-ecommerce-team2/service/user/user_service_mock.go:43.2,43.50 1 0
dashboard-ecommerce-team2/service/user/user_service_mock.go:47.78,50.2 2 0
